#
# There is insufficient memory for the Java Runtime Environment to continue.
# Native memory allocation (malloc) failed to allocate 2134736 bytes for Chunk::new
# Possible reasons:
#   The system is out of physical RAM or swap space
#   The process is running with CompressedOops enabled, and the Java Heap may be blocking the growth of the native heap
# Possible solutions:
#   Reduce memory load on the system
#   Increase physical memory or swap space
#   Check if swap backing store is full
#   Decrease Java heap size (-Xmx/-Xms)
#   Decrease number of Java threads
#   Decrease Java thread stack sizes (-Xss)
#   Set larger code cache with -XX:ReservedCodeCacheSize=
#   JVM is running with Unscaled Compressed Oops mode in which the Java heap is
#     placed in the first 4GB address space. The Java Heap base address is the
#     maximum limit for the native heap growth. Please use -XX:HeapBaseMinAddress
#     to set the Java Heap base and to place the Java Heap above 4GB virtual address.
# This output file may be truncated or incomplete.
#
#  Out of Memory Error (arena.cpp:189), pid=7680, tid=11200
#
# JRE version: Java(TM) SE Runtime Environment (17.0.3.1+2) (build 17.0.3.1+2-LTS-6)
# Java VM: Java HotSpot(TM) 64-Bit Server VM (17.0.3.1+2-LTS-6, mixed mode, sharing, tiered, compressed oops, compressed class ptrs, g1 gc, windows-amd64)
# No core dump will be written. Minidumps are not enabled by default on client versions of Windows
#

---------------  S U M M A R Y ------------

Command Line: --add-opens=java.base/java.util=ALL-UNNAMED --add-opens=java.base/java.lang=ALL-UNNAMED --add-opens=java.base/java.lang.invoke=ALL-UNNAMED --add-opens=java.base/java.util=ALL-UNNAMED --add-opens=java.prefs/java.util.prefs=ALL-UNNAMED --add-opens=java.prefs/java.util.prefs=ALL-UNNAMED --add-opens=java.base/java.nio.charset=ALL-UNNAMED --add-opens=java.base/java.net=ALL-UNNAMED --add-opens=java.base/java.util.concurrent.atomic=ALL-UNNAMED -XX:MaxMetaspaceSize=256m -XX:+HeapDumpOnOutOfMemoryError -Xms256m -Xmx512m -Dfile.encoding=windows-1250 -Duser.country=PL -Duser.language=pl -Duser.variant org.gradle.launcher.daemon.bootstrap.GradleDaemon 7.4.1

Host: AMD Phenom(tm) II X4 945 Processor, 4 cores, 3G,  Windows 10 , 64 bit Build 18362 (10.0.18362.900)
Time: Tue May 10 15:00:02 2022 Œrodkowoeuropejski czas letni elapsed time: 24.792862 seconds (0d 0h 0m 24s)

---------------  T H R E A D  ---------------

Current thread (0x000001fe7a4f1f40):  JavaThread "C2 CompilerThread0" daemon [_thread_in_native, id=11200, stack(0x00000058d1b00000,0x00000058d1c00000)]


Current CompileTask:
C2:  24793 4065       4       org.gradle.internal.service.DefaultServiceRegistry$OwnServices::getService (309 bytes)

Stack: [0x00000058d1b00000,0x00000058d1c00000]
Native frames: (J=compiled Java code, j=interpreted, Vv=VM code, C=native code)
V  [jvm.dll+0x6711ba]
V  [jvm.dll+0x7d0834]
V  [jvm.dll+0x7d1fde]
V  [jvm.dll+0x7d2643]
V  [jvm.dll+0x242c85]
V  [jvm.dll+0xaa57b]
V  [jvm.dll+0xaab0c]
V  [jvm.dll+0x35ff22]
V  [jvm.dll+0x32a581]
V  [jvm.dll+0x329a2a]
V  [jvm.dll+0x215d61]
V  [jvm.dll+0x215181]
V  [jvm.dll+0x1a1c3d]
V  [jvm.dll+0x2249c8]
V  [jvm.dll+0x222b2c]
V  [jvm.dll+0x78650b]
V  [jvm.dll+0x780aca]
V  [jvm.dll+0x670045]
C  [ucrtbase.dll+0x20e82]
C  [KERNEL32.DLL+0x17bd4]
C  [ntdll.dll+0x6ce51]


---------------  P R O C E S S  ---------------

Threads class SMR info:
_java_thread_list=0x000001fe7c6b0160, length=39, elements={
0x000001fe6f4a6350, 0x000001fe7a4d0f20, 0x000001fe7a4d1ca0, 0x000001fe7a4eb640,
0x000001fe7a4ec100, 0x000001fe7a4ee9d0, 0x000001fe7a4ef290, 0x000001fe7a4f1f40,
0x000001fe7a4f50a0, 0x000001fe7a559c60, 0x000001fe7b0d0e10, 0x000001fe7b0d3510,
0x000001fe7cad9290, 0x000001fe7babe1e0, 0x000001fe7c24d8c0, 0x000001fe7c139480,
0x000001fe7c610850, 0x000001fe7d245550, 0x000001fe7bc5da50, 0x000001fe7b9ed160,
0x000001fe7b9ed630, 0x000001fe7b9ebe20, 0x000001fe7b9eb950, 0x000001fe7b9eb480,
0x000001fe7b9edb00, 0x000001fe7b9eafb0, 0x000001fe7b9ec2f0, 0x000001fe7b9ec7c0,
0x000001fe7b9ea610, 0x000001fe7b9ecc90, 0x000001fe7cdef250, 0x000001fe7cdec230,
0x000001fe7cdec700, 0x000001fe7cded570, 0x000001fe7cdecbd0, 0x000001fe7cdf1400,
0x000001fe7cdeed80, 0x000001fe7cdefbf0, 0x000001fe7cdeb890
}

Java Threads: ( => current thread )
  0x000001fe6f4a6350 JavaThread "main" [_thread_blocked, id=9372, stack(0x00000058d0e00000,0x00000058d0f00000)]
  0x000001fe7a4d0f20 JavaThread "Reference Handler" daemon [_thread_blocked, id=5320, stack(0x00000058d1500000,0x00000058d1600000)]
  0x000001fe7a4d1ca0 JavaThread "Finalizer" daemon [_thread_blocked, id=9792, stack(0x00000058d1600000,0x00000058d1700000)]
  0x000001fe7a4eb640 JavaThread "Signal Dispatcher" daemon [_thread_blocked, id=13812, stack(0x00000058d1700000,0x00000058d1800000)]
  0x000001fe7a4ec100 JavaThread "Attach Listener" daemon [_thread_blocked, id=13220, stack(0x00000058d1800000,0x00000058d1900000)]
  0x000001fe7a4ee9d0 JavaThread "Service Thread" daemon [_thread_blocked, id=12736, stack(0x00000058d1900000,0x00000058d1a00000)]
  0x000001fe7a4ef290 JavaThread "Monitor Deflation Thread" daemon [_thread_blocked, id=14068, stack(0x00000058d1a00000,0x00000058d1b00000)]
=>0x000001fe7a4f1f40 JavaThread "C2 CompilerThread0" daemon [_thread_in_native, id=11200, stack(0x00000058d1b00000,0x00000058d1c00000)]
  0x000001fe7a4f50a0 JavaThread "C1 CompilerThread0" daemon [_thread_blocked, id=11628, stack(0x00000058d1c00000,0x00000058d1d00000)]
  0x000001fe7a559c60 JavaThread "Sweeper thread" daemon [_thread_blocked, id=13792, stack(0x00000058d1d00000,0x00000058d1e00000)]
  0x000001fe7b0d0e10 JavaThread "Common-Cleaner" daemon [_thread_blocked, id=11364, stack(0x00000058d1e00000,0x00000058d1f00000)]
  0x000001fe7b0d3510 JavaThread "Notification Thread" daemon [_thread_blocked, id=14208, stack(0x00000058d1f00000,0x00000058d2000000)]
  0x000001fe7cad9290 JavaThread "Daemon health stats" [_thread_blocked, id=808, stack(0x00000058d2400000,0x00000058d2500000)]
  0x000001fe7babe1e0 JavaThread "Incoming local TCP Connector on port 58032" [_thread_in_native, id=11308, stack(0x00000058d2500000,0x00000058d2600000)]
  0x000001fe7c24d8c0 JavaThread "Daemon periodic checks" [_thread_blocked, id=10492, stack(0x00000058d2600000,0x00000058d2700000)]
  0x000001fe7c139480 JavaThread "Daemon" [_thread_blocked, id=4500, stack(0x00000058d2700000,0x00000058d2800000)]
  0x000001fe7c610850 JavaThread "Handler for socket connection from /127.0.0.1:58032 to /127.0.0.1:58037" [_thread_in_native, id=11300, stack(0x00000058d2800000,0x00000058d2900000)]
  0x000001fe7d245550 JavaThread "Cancel handler" [_thread_blocked, id=12564, stack(0x00000058d2900000,0x00000058d2a00000)]
  0x000001fe7bc5da50 JavaThread "Daemon worker" [_thread_in_Java, id=13580, stack(0x00000058d2a00000,0x00000058d2b00000)]
  0x000001fe7b9ed160 JavaThread "Asynchronous log dispatcher for DefaultDaemonConnection: socket connection from /127.0.0.1:58032 to /127.0.0.1:58037" [_thread_blocked, id=12108, stack(0x00000058d2b00000,0x00000058d2c00000)]
  0x000001fe7b9ed630 JavaThread "Stdin handler" [_thread_blocked, id=1644, stack(0x00000058d2c00000,0x00000058d2d00000)]
  0x000001fe7b9ebe20 JavaThread "Daemon client event forwarder" [_thread_blocked, id=2764, stack(0x00000058d2d00000,0x00000058d2e00000)]
  0x000001fe7b9eb950 JavaThread "Cache worker for journal cache (C:\Users\User\.gradle\caches\journal-1)" [_thread_blocked, id=2148, stack(0x00000058d2e00000,0x00000058d2f00000)]
  0x000001fe7b9eb480 JavaThread "File lock request listener" [_thread_in_native, id=7556, stack(0x00000058d2f00000,0x00000058d3000000)]
  0x000001fe7b9edb00 JavaThread "Cache worker for file hash cache (C:\Users\User\.gradle\caches\7.4.1\fileHashes)" [_thread_blocked, id=6980, stack(0x00000058d3000000,0x00000058d3100000)]
  0x000001fe7b9eafb0 JavaThread "File lock release action executor" [_thread_blocked, id=2576, stack(0x00000058d3100000,0x00000058d3200000)]
  0x000001fe7b9ec2f0 JavaThread "File watcher server" daemon [_thread_in_native, id=636, stack(0x00000058d3200000,0x00000058d3300000)]
  0x000001fe7b9ec7c0 JavaThread "File watcher consumer" daemon [_thread_blocked, id=10692, stack(0x00000058d3300000,0x00000058d3400000)]
  0x000001fe7b9ea610 JavaThread "Cache worker for checksums cache (C:\Users\User\Downloads\invoice-collector\invoice-collector\.gradle\7.4.1\checksums)" [_thread_blocked, id=9340, stack(0x00000058d3400000,0x00000058d3500000)]
  0x000001fe7b9ecc90 JavaThread "Cache worker for cache directory md-rule (C:\Users\User\.gradle\caches\7.4.1\md-rule)" [_thread_blocked, id=13076, stack(0x00000058d3500000,0x00000058d3600000)]
  0x000001fe7cdef250 JavaThread "Cache worker for file hash cache (C:\Users\User\Downloads\invoice-collector\invoice-collector\.gradle\7.4.1\fileHashes)" [_thread_blocked, id=1124, stack(0x00000058d3600000,0x00000058d3700000)]
  0x000001fe7cdec230 JavaThread "Cache worker for cache directory md-supplier (C:\Users\User\.gradle\caches\7.4.1\md-supplier)" [_thread_blocked, id=9452, stack(0x00000058d3700000,0x00000058d3800000)]
  0x000001fe7cdec700 JavaThread "Cache worker for execution history cache (C:\Users\User\.gradle\caches\7.4.1\executionHistory)" [_thread_blocked, id=13364, stack(0x00000058d3800000,0x00000058d3900000)]
  0x000001fe7cded570 JavaThread "jar transforms" [_thread_blocked, id=11972, stack(0x00000058d3900000,0x00000058d3a00000)]
  0x000001fe7cdecbd0 JavaThread "jar transforms Thread 2" [_thread_blocked, id=372, stack(0x00000058d3a00000,0x00000058d3b00000)]
  0x000001fe7cdf1400 JavaThread "Cache worker for file content cache (C:\Users\User\.gradle\caches\7.4.1\fileContent)" [_thread_blocked, id=9044, stack(0x00000058d3b00000,0x00000058d3c00000)]
  0x000001fe7cdeed80 JavaThread "jar transforms Thread 3" [_thread_blocked, id=9144, stack(0x00000058d3c00000,0x00000058d3d00000)]
  0x000001fe7cdefbf0 JavaThread "jar transforms Thread 4" [_thread_blocked, id=6192, stack(0x00000058d3d00000,0x00000058d3e00000)]
  0x000001fe7cdeb890 JavaThread "Cache worker for dependencies-accessors (C:\Users\User\Downloads\invoice-collector\invoice-collector\.gradle\7.4.1\dependencies-accessors)" [_thread_blocked, id=1628, stack(0x00000058d3e00000,0x00000058d3f00000)]

Other Threads:
  0x000001fe7a4cac70 VMThread "VM Thread" [stack: 0x00000058d1400000,0x00000058d1500000] [id=14000]
  0x000001fe7b0d9a00 WatcherThread [stack: 0x00000058d2000000,0x00000058d2100000] [id=2788]
  0x000001fe6f4d0340 GCTaskThread "GC Thread#0" [stack: 0x00000058d0f00000,0x00000058d1000000] [id=9060]
  0x000001fe7b35a630 GCTaskThread "GC Thread#1" [stack: 0x00000058d2100000,0x00000058d2200000] [id=10304]
  0x000001fe7b5760e0 GCTaskThread "GC Thread#2" [stack: 0x00000058d2200000,0x00000058d2300000] [id=9140]
  0x000001fe7b5040e0 GCTaskThread "GC Thread#3" [stack: 0x00000058d2300000,0x00000058d2400000] [id=7352]
  0x000001fe6f4d5190 ConcurrentGCThread "G1 Main Marker" [stack: 0x00000058d1000000,0x00000058d1100000] [id=10332]
  0x000001fe6f4d5ab0 ConcurrentGCThread "G1 Conc#0" [stack: 0x00000058d1100000,0x00000058d1200000] [id=1840]
  0x000001fe6f56dad0 ConcurrentGCThread "G1 Refine#0" [stack: 0x00000058d1200000,0x00000058d1300000] [id=6740]
  0x000001fe6f56e400 ConcurrentGCThread "G1 Service" [stack: 0x00000058d1300000,0x00000058d1400000] [id=12924]

Threads with active compile tasks:
C2 CompilerThread0    25085 4065       4       org.gradle.internal.service.DefaultServiceRegistry$OwnServices::getService (309 bytes)

VM state: not at safepoint (normal execution)

VM Mutex/Monitor currently owned by a thread: None

Heap address: 0x00000000e0000000, size: 512 MB, Compressed Oops mode: 32-bit

CDS archive(s) mapped at: [0x0000000800000000-0x0000000800bc0000-0x0000000800bc0000), size 12320768, SharedBaseAddress: 0x0000000800000000, ArchiveRelocationMode: 0.
Compressed class space mapped at: 0x0000000800c00000-0x000000080dc00000, reserved size: 218103808
Narrow klass base: 0x0000000800000000, Narrow klass shift: 0, Narrow klass range: 0x100000000

GC Precious Log:
 CPUs: 4 total, 4 available
 Memory: 4094M
 Large Page Support: Disabled
 NUMA Support: Disabled
 Compressed Oops: Enabled (32-bit)
 Heap Region Size: 1M
 Heap Min Capacity: 256M
 Heap Initial Capacity: 256M
 Heap Max Capacity: 512M
 Pre-touch: Disabled
 Parallel Workers: 4
 Concurrent Workers: 1
 Concurrent Refinement Workers: 4
 Periodic GC: Disabled

Heap:
 garbage-first heap   total 262144K, used 35318K [0x00000000e0000000, 0x0000000100000000)
  region size 1024K, 22 young (22528K), 15 survivors (15360K)
 Metaspace       used 36640K, committed 36992K, reserved 245760K
  class space    used 5044K, committed 5184K, reserved 212992K

Heap Regions: E=young(eden), S=young(survivor), O=old, HS=humongous(starts), HC=humongous(continues), CS=collection set, F=free, OA=open archive, CA=closed archive, TAMS=top-at-mark-start (previous, next)
|   0|0x00000000e0000000, 0x00000000e0100000, 0x00000000e0100000|100%|HS|  |TAMS 0x00000000e0100000, 0x00000000e0000000| Complete 
|   1|0x00000000e0100000, 0x00000000e0200000, 0x00000000e0200000|100%|HC|  |TAMS 0x00000000e0200000, 0x00000000e0100000| Complete 
|   2|0x00000000e0200000, 0x00000000e0300000, 0x00000000e0300000|100%|HC|  |TAMS 0x00000000e0300000, 0x00000000e0200000| Complete 
|   3|0x00000000e0300000, 0x00000000e0400000, 0x00000000e0400000|100%| O|  |TAMS 0x00000000e0400000, 0x00000000e0300000| Untracked 
|   4|0x00000000e0400000, 0x00000000e0500000, 0x00000000e0500000|100%| O|  |TAMS 0x00000000e0500000, 0x00000000e0400000| Untracked 
|   5|0x00000000e0500000, 0x00000000e0600000, 0x00000000e0600000|100%| O|  |TAMS 0x00000000e0600000, 0x00000000e0500000| Untracked 
|   6|0x00000000e0600000, 0x00000000e0700000, 0x00000000e0700000|100%| O|  |TAMS 0x00000000e0700000, 0x00000000e0600000| Untracked 
|   7|0x00000000e0700000, 0x00000000e0700000, 0x00000000e0800000|  0%| F|  |TAMS 0x00000000e0700000, 0x00000000e0700000| Untracked 
|   8|0x00000000e0800000, 0x00000000e0900000, 0x00000000e0900000|100%| O|  |TAMS 0x00000000e0900000, 0x00000000e0800000| Untracked 
|   9|0x00000000e0900000, 0x00000000e0a00000, 0x00000000e0a00000|100%| O|  |TAMS 0x00000000e0a00000, 0x00000000e0900000| Untracked 
|  10|0x00000000e0a00000, 0x00000000e0b00000, 0x00000000e0b00000|100%| O|  |TAMS 0x00000000e0a5bc00, 0x00000000e0a00000| Untracked 
|  11|0x00000000e0b00000, 0x00000000e0b00000, 0x00000000e0c00000|  0%| F|  |TAMS 0x00000000e0b00000, 0x00000000e0b00000| Untracked 
|  12|0x00000000e0c00000, 0x00000000e0c00000, 0x00000000e0d00000|  0%| F|  |TAMS 0x00000000e0c00000, 0x00000000e0c00000| Untracked 
|  13|0x00000000e0d00000, 0x00000000e0d00000, 0x00000000e0e00000|  0%| F|  |TAMS 0x00000000e0d00000, 0x00000000e0d00000| Untracked 
|  14|0x00000000e0e00000, 0x00000000e0f00000, 0x00000000e0f00000|100%| O|  |TAMS 0x00000000e0e00000, 0x00000000e0e00000| Untracked 
|  15|0x00000000e0f00000, 0x00000000e1000000, 0x00000000e1000000|100%| O|  |TAMS 0x00000000e0f00000, 0x00000000e0f00000| Untracked 
|  16|0x00000000e1000000, 0x00000000e1100000, 0x00000000e1100000|100%| O|  |TAMS 0x00000000e1000000, 0x00000000e1000000| Untracked 
|  17|0x00000000e1100000, 0x00000000e117da00, 0x00000000e1200000| 49%| O|  |TAMS 0x00000000e1100000, 0x00000000e1100000| Untracked 
|  18|0x00000000e1200000, 0x00000000e1200000, 0x00000000e1300000|  0%| F|  |TAMS 0x00000000e1200000, 0x00000000e1200000| Untracked 
|  19|0x00000000e1300000, 0x00000000e1300000, 0x00000000e1400000|  0%| F|  |TAMS 0x00000000e1300000, 0x00000000e1300000| Untracked 
|  20|0x00000000e1400000, 0x00000000e1400000, 0x00000000e1500000|  0%| F|  |TAMS 0x00000000e1400000, 0x00000000e1400000| Untracked 
|  21|0x00000000e1500000, 0x00000000e1500000, 0x00000000e1600000|  0%| F|  |TAMS 0x00000000e1500000, 0x00000000e1500000| Untracked 
|  22|0x00000000e1600000, 0x00000000e1600000, 0x00000000e1700000|  0%| F|  |TAMS 0x00000000e1600000, 0x00000000e1600000| Untracked 
|  23|0x00000000e1700000, 0x00000000e1700000, 0x00000000e1800000|  0%| F|  |TAMS 0x00000000e1700000, 0x00000000e1700000| Untracked 
|  24|0x00000000e1800000, 0x00000000e1800000, 0x00000000e1900000|  0%| F|  |TAMS 0x00000000e1800000, 0x00000000e1800000| Untracked 
|  25|0x00000000e1900000, 0x00000000e1900000, 0x00000000e1a00000|  0%| F|  |TAMS 0x00000000e1900000, 0x00000000e1900000| Untracked 
|  26|0x00000000e1a00000, 0x00000000e1a00000, 0x00000000e1b00000|  0%| F|  |TAMS 0x00000000e1a00000, 0x00000000e1a00000| Untracked 
|  27|0x00000000e1b00000, 0x00000000e1b00000, 0x00000000e1c00000|  0%| F|  |TAMS 0x00000000e1b00000, 0x00000000e1b00000| Untracked 
|  28|0x00000000e1c00000, 0x00000000e1c00000, 0x00000000e1d00000|  0%| F|  |TAMS 0x00000000e1c00000, 0x00000000e1c00000| Untracked 
|  29|0x00000000e1d00000, 0x00000000e1d00000, 0x00000000e1e00000|  0%| F|  |TAMS 0x00000000e1d00000, 0x00000000e1d00000| Untracked 
|  30|0x00000000e1e00000, 0x00000000e1e00000, 0x00000000e1f00000|  0%| F|  |TAMS 0x00000000e1e00000, 0x00000000e1e00000| Untracked 
|  31|0x00000000e1f00000, 0x00000000e1f00000, 0x00000000e2000000|  0%| F|  |TAMS 0x00000000e1f00000, 0x00000000e1f00000| Untracked 
|  32|0x00000000e2000000, 0x00000000e2000000, 0x00000000e2100000|  0%| F|  |TAMS 0x00000000e2000000, 0x00000000e2000000| Untracked 
|  33|0x00000000e2100000, 0x00000000e2100000, 0x00000000e2200000|  0%| F|  |TAMS 0x00000000e2100000, 0x00000000e2100000| Untracked 
|  34|0x00000000e2200000, 0x00000000e2200000, 0x00000000e2300000|  0%| F|  |TAMS 0x00000000e2200000, 0x00000000e2200000| Untracked 
|  35|0x00000000e2300000, 0x00000000e2300000, 0x00000000e2400000|  0%| F|  |TAMS 0x00000000e2300000, 0x00000000e2300000| Untracked 
|  36|0x00000000e2400000, 0x00000000e2400000, 0x00000000e2500000|  0%| F|  |TAMS 0x00000000e2400000, 0x00000000e2400000| Untracked 
|  37|0x00000000e2500000, 0x00000000e2500000, 0x00000000e2600000|  0%| F|  |TAMS 0x00000000e2500000, 0x00000000e2500000| Untracked 
|  38|0x00000000e2600000, 0x00000000e2600000, 0x00000000e2700000|  0%| F|  |TAMS 0x00000000e2600000, 0x00000000e2600000| Untracked 
|  39|0x00000000e2700000, 0x00000000e2700000, 0x00000000e2800000|  0%| F|  |TAMS 0x00000000e2700000, 0x00000000e2700000| Untracked 
|  40|0x00000000e2800000, 0x00000000e2800000, 0x00000000e2900000|  0%| F|  |TAMS 0x00000000e2800000, 0x00000000e2800000| Untracked 
|  41|0x00000000e2900000, 0x00000000e2900000, 0x00000000e2a00000|  0%| F|  |TAMS 0x00000000e2900000, 0x00000000e2900000| Untracked 
|  42|0x00000000e2a00000, 0x00000000e2a00000, 0x00000000e2b00000|  0%| F|  |TAMS 0x00000000e2a00000, 0x00000000e2a00000| Untracked 
|  43|0x00000000e2b00000, 0x00000000e2b00000, 0x00000000e2c00000|  0%| F|  |TAMS 0x00000000e2b00000, 0x00000000e2b00000| Untracked 
|  44|0x00000000e2c00000, 0x00000000e2c00000, 0x00000000e2d00000|  0%| F|  |TAMS 0x00000000e2c00000, 0x00000000e2c00000| Untracked 
|  45|0x00000000e2d00000, 0x00000000e2d00000, 0x00000000e2e00000|  0%| F|  |TAMS 0x00000000e2d00000, 0x00000000e2d00000| Untracked 
|  46|0x00000000e2e00000, 0x00000000e2e00000, 0x00000000e2f00000|  0%| F|  |TAMS 0x00000000e2e00000, 0x00000000e2e00000| Untracked 
|  47|0x00000000e2f00000, 0x00000000e2f00000, 0x00000000e3000000|  0%| F|  |TAMS 0x00000000e2f00000, 0x00000000e2f00000| Untracked 
|  48|0x00000000e3000000, 0x00000000e3000000, 0x00000000e3100000|  0%| F|  |TAMS 0x00000000e3000000, 0x00000000e3000000| Untracked 
|  49|0x00000000e3100000, 0x00000000e3100000, 0x00000000e3200000|  0%| F|  |TAMS 0x00000000e3100000, 0x00000000e3100000| Untracked 
|  50|0x00000000e3200000, 0x00000000e3200000, 0x00000000e3300000|  0%| F|  |TAMS 0x00000000e3200000, 0x00000000e3200000| Untracked 
|  51|0x00000000e3300000, 0x00000000e3300000, 0x00000000e3400000|  0%| F|  |TAMS 0x00000000e3300000, 0x00000000e3300000| Untracked 
|  52|0x00000000e3400000, 0x00000000e3400000, 0x00000000e3500000|  0%| F|  |TAMS 0x00000000e3400000, 0x00000000e3400000| Untracked 
|  53|0x00000000e3500000, 0x00000000e3500000, 0x00000000e3600000|  0%| F|  |TAMS 0x00000000e3500000, 0x00000000e3500000| Untracked 
|  54|0x00000000e3600000, 0x00000000e3600000, 0x00000000e3700000|  0%| F|  |TAMS 0x00000000e3600000, 0x00000000e3600000| Untracked 
|  55|0x00000000e3700000, 0x00000000e3700000, 0x00000000e3800000|  0%| F|  |TAMS 0x00000000e3700000, 0x00000000e3700000| Untracked 
|  56|0x00000000e3800000, 0x00000000e3800000, 0x00000000e3900000|  0%| F|  |TAMS 0x00000000e3800000, 0x00000000e3800000| Untracked 
|  57|0x00000000e3900000, 0x00000000e3900000, 0x00000000e3a00000|  0%| F|  |TAMS 0x00000000e3900000, 0x00000000e3900000| Untracked 
|  58|0x00000000e3a00000, 0x00000000e3a00000, 0x00000000e3b00000|  0%| F|  |TAMS 0x00000000e3a00000, 0x00000000e3a00000| Untracked 
|  59|0x00000000e3b00000, 0x00000000e3b00000, 0x00000000e3c00000|  0%| F|  |TAMS 0x00000000e3b00000, 0x00000000e3b00000| Untracked 
|  60|0x00000000e3c00000, 0x00000000e3c00000, 0x00000000e3d00000|  0%| F|  |TAMS 0x00000000e3c00000, 0x00000000e3c00000| Untracked 
|  61|0x00000000e3d00000, 0x00000000e3d00000, 0x00000000e3e00000|  0%| F|  |TAMS 0x00000000e3d00000, 0x00000000e3d00000| Untracked 
|  62|0x00000000e3e00000, 0x00000000e3e00000, 0x00000000e3f00000|  0%| F|  |TAMS 0x00000000e3e00000, 0x00000000e3e00000| Untracked 
|  63|0x00000000e3f00000, 0x00000000e3f00000, 0x00000000e4000000|  0%| F|  |TAMS 0x00000000e3f00000, 0x00000000e3f00000| Untracked 
|  64|0x00000000e4000000, 0x00000000e4000000, 0x00000000e4100000|  0%| F|  |TAMS 0x00000000e4000000, 0x00000000e4000000| Untracked 
|  65|0x00000000e4100000, 0x00000000e4100000, 0x00000000e4200000|  0%| F|  |TAMS 0x00000000e4100000, 0x00000000e4100000| Untracked 
|  66|0x00000000e4200000, 0x00000000e4200000, 0x00000000e4300000|  0%| F|  |TAMS 0x00000000e4200000, 0x00000000e4200000| Untracked 
|  67|0x00000000e4300000, 0x00000000e4300000, 0x00000000e4400000|  0%| F|  |TAMS 0x00000000e4300000, 0x00000000e4300000| Untracked 
|  68|0x00000000e4400000, 0x00000000e4400000, 0x00000000e4500000|  0%| F|  |TAMS 0x00000000e4400000, 0x00000000e4400000| Untracked 
|  69|0x00000000e4500000, 0x00000000e4500000, 0x00000000e4600000|  0%| F|  |TAMS 0x00000000e4500000, 0x00000000e4500000| Untracked 
|  70|0x00000000e4600000, 0x00000000e4600000, 0x00000000e4700000|  0%| F|  |TAMS 0x00000000e4600000, 0x00000000e4600000| Untracked 
|  71|0x00000000e4700000, 0x00000000e4700000, 0x00000000e4800000|  0%| F|  |TAMS 0x00000000e4700000, 0x00000000e4700000| Untracked 
|  72|0x00000000e4800000, 0x00000000e4800000, 0x00000000e4900000|  0%| F|  |TAMS 0x00000000e4800000, 0x00000000e4800000| Untracked 
|  73|0x00000000e4900000, 0x00000000e4900000, 0x00000000e4a00000|  0%| F|  |TAMS 0x00000000e4900000, 0x00000000e4900000| Untracked 
|  74|0x00000000e4a00000, 0x00000000e4a00000, 0x00000000e4b00000|  0%| F|  |TAMS 0x00000000e4a00000, 0x00000000e4a00000| Untracked 
|  75|0x00000000e4b00000, 0x00000000e4b00000, 0x00000000e4c00000|  0%| F|  |TAMS 0x00000000e4b00000, 0x00000000e4b00000| Untracked 
|  76|0x00000000e4c00000, 0x00000000e4c00000, 0x00000000e4d00000|  0%| F|  |TAMS 0x00000000e4c00000, 0x00000000e4c00000| Untracked 
|  77|0x00000000e4d00000, 0x00000000e4d00000, 0x00000000e4e00000|  0%| F|  |TAMS 0x00000000e4d00000, 0x00000000e4d00000| Untracked 
|  78|0x00000000e4e00000, 0x00000000e4e00000, 0x00000000e4f00000|  0%| F|  |TAMS 0x00000000e4e00000, 0x00000000e4e00000| Untracked 
|  79|0x00000000e4f00000, 0x00000000e4f00000, 0x00000000e5000000|  0%| F|  |TAMS 0x00000000e4f00000, 0x00000000e4f00000| Untracked 
|  80|0x00000000e5000000, 0x00000000e5000000, 0x00000000e5100000|  0%| F|  |TAMS 0x00000000e5000000, 0x00000000e5000000| Untracked 
|  81|0x00000000e5100000, 0x00000000e5100000, 0x00000000e5200000|  0%| F|  |TAMS 0x00000000e5100000, 0x00000000e5100000| Untracked 
|  82|0x00000000e5200000, 0x00000000e5200000, 0x00000000e5300000|  0%| F|  |TAMS 0x00000000e5200000, 0x00000000e5200000| Untracked 
|  83|0x00000000e5300000, 0x00000000e5300000, 0x00000000e5400000|  0%| F|  |TAMS 0x00000000e5300000, 0x00000000e5300000| Untracked 
|  84|0x00000000e5400000, 0x00000000e5400000, 0x00000000e5500000|  0%| F|  |TAMS 0x00000000e5400000, 0x00000000e5400000| Untracked 
|  85|0x00000000e5500000, 0x00000000e5500000, 0x00000000e5600000|  0%| F|  |TAMS 0x00000000e5500000, 0x00000000e5500000| Untracked 
|  86|0x00000000e5600000, 0x00000000e5600000, 0x00000000e5700000|  0%| F|  |TAMS 0x00000000e5600000, 0x00000000e5600000| Untracked 
|  87|0x00000000e5700000, 0x00000000e5700000, 0x00000000e5800000|  0%| F|  |TAMS 0x00000000e5700000, 0x00000000e5700000| Untracked 
|  88|0x00000000e5800000, 0x00000000e5800000, 0x00000000e5900000|  0%| F|  |TAMS 0x00000000e5800000, 0x00000000e5800000| Untracked 
|  89|0x00000000e5900000, 0x00000000e5900000, 0x00000000e5a00000|  0%| F|  |TAMS 0x00000000e5900000, 0x00000000e5900000| Untracked 
|  90|0x00000000e5a00000, 0x00000000e5a00000, 0x00000000e5b00000|  0%| F|  |TAMS 0x00000000e5a00000, 0x00000000e5a00000| Untracked 
|  91|0x00000000e5b00000, 0x00000000e5b00000, 0x00000000e5c00000|  0%| F|  |TAMS 0x00000000e5b00000, 0x00000000e5b00000| Untracked 
|  92|0x00000000e5c00000, 0x00000000e5c00000, 0x00000000e5d00000|  0%| F|  |TAMS 0x00000000e5c00000, 0x00000000e5c00000| Untracked 
|  93|0x00000000e5d00000, 0x00000000e5d00000, 0x00000000e5e00000|  0%| F|  |TAMS 0x00000000e5d00000, 0x00000000e5d00000| Untracked 
|  94|0x00000000e5e00000, 0x00000000e5e00000, 0x00000000e5f00000|  0%| F|  |TAMS 0x00000000e5e00000, 0x00000000e5e00000| Untracked 
|  95|0x00000000e5f00000, 0x00000000e5f00000, 0x00000000e6000000|  0%| F|  |TAMS 0x00000000e5f00000, 0x00000000e5f00000| Untracked 
|  96|0x00000000e6000000, 0x00000000e6000000, 0x00000000e6100000|  0%| F|  |TAMS 0x00000000e6000000, 0x00000000e6000000| Untracked 
|  97|0x00000000e6100000, 0x00000000e6100000, 0x00000000e6200000|  0%| F|  |TAMS 0x00000000e6100000, 0x00000000e6100000| Untracked 
|  98|0x00000000e6200000, 0x00000000e6200000, 0x00000000e6300000|  0%| F|  |TAMS 0x00000000e6200000, 0x00000000e6200000| Untracked 
|  99|0x00000000e6300000, 0x00000000e6300000, 0x00000000e6400000|  0%| F|  |TAMS 0x00000000e6300000, 0x00000000e6300000| Untracked 
| 100|0x00000000e6400000, 0x00000000e6400000, 0x00000000e6500000|  0%| F|  |TAMS 0x00000000e6400000, 0x00000000e6400000| Untracked 
| 101|0x00000000e6500000, 0x00000000e6500000, 0x00000000e6600000|  0%| F|  |TAMS 0x00000000e6500000, 0x00000000e6500000| Untracked 
| 102|0x00000000e6600000, 0x00000000e6600000, 0x00000000e6700000|  0%| F|  |TAMS 0x00000000e6600000, 0x00000000e6600000| Untracked 
| 103|0x00000000e6700000, 0x00000000e6700000, 0x00000000e6800000|  0%| F|  |TAMS 0x00000000e6700000, 0x00000000e6700000| Untracked 
| 104|0x00000000e6800000, 0x00000000e6800000, 0x00000000e6900000|  0%| F|  |TAMS 0x00000000e6800000, 0x00000000e6800000| Untracked 
| 105|0x00000000e6900000, 0x00000000e6900000, 0x00000000e6a00000|  0%| F|  |TAMS 0x00000000e6900000, 0x00000000e6900000| Untracked 
| 106|0x00000000e6a00000, 0x00000000e6a00000, 0x00000000e6b00000|  0%| F|  |TAMS 0x00000000e6a00000, 0x00000000e6a00000| Untracked 
| 107|0x00000000e6b00000, 0x00000000e6b00000, 0x00000000e6c00000|  0%| F|  |TAMS 0x00000000e6b00000, 0x00000000e6b00000| Untracked 
| 108|0x00000000e6c00000, 0x00000000e6c00000, 0x00000000e6d00000|  0%| F|  |TAMS 0x00000000e6c00000, 0x00000000e6c00000| Untracked 
| 109|0x00000000e6d00000, 0x00000000e6d00000, 0x00000000e6e00000|  0%| F|  |TAMS 0x00000000e6d00000, 0x00000000e6d00000| Untracked 
| 110|0x00000000e6e00000, 0x00000000e6e00000, 0x00000000e6f00000|  0%| F|  |TAMS 0x00000000e6e00000, 0x00000000e6e00000| Untracked 
| 111|0x00000000e6f00000, 0x00000000e6f00000, 0x00000000e7000000|  0%| F|  |TAMS 0x00000000e6f00000, 0x00000000e6f00000| Untracked 
| 112|0x00000000e7000000, 0x00000000e7000000, 0x00000000e7100000|  0%| F|  |TAMS 0x00000000e7000000, 0x00000000e7000000| Untracked 
| 113|0x00000000e7100000, 0x00000000e7100000, 0x00000000e7200000|  0%| F|  |TAMS 0x00000000e7100000, 0x00000000e7100000| Untracked 
| 114|0x00000000e7200000, 0x00000000e7200000, 0x00000000e7300000|  0%| F|  |TAMS 0x00000000e7200000, 0x00000000e7200000| Untracked 
| 115|0x00000000e7300000, 0x00000000e7300000, 0x00000000e7400000|  0%| F|  |TAMS 0x00000000e7300000, 0x00000000e7300000| Untracked 
| 116|0x00000000e7400000, 0x00000000e7400000, 0x00000000e7500000|  0%| F|  |TAMS 0x00000000e7400000, 0x00000000e7400000| Untracked 
| 117|0x00000000e7500000, 0x00000000e7500000, 0x00000000e7600000|  0%| F|  |TAMS 0x00000000e7500000, 0x00000000e7500000| Untracked 
| 118|0x00000000e7600000, 0x00000000e7600000, 0x00000000e7700000|  0%| F|  |TAMS 0x00000000e7600000, 0x00000000e7600000| Untracked 
| 119|0x00000000e7700000, 0x00000000e7700000, 0x00000000e7800000|  0%| F|  |TAMS 0x00000000e7700000, 0x00000000e7700000| Untracked 
| 120|0x00000000e7800000, 0x00000000e7800000, 0x00000000e7900000|  0%| F|  |TAMS 0x00000000e7800000, 0x00000000e7800000| Untracked 
| 121|0x00000000e7900000, 0x00000000e7900000, 0x00000000e7a00000|  0%| F|  |TAMS 0x00000000e7900000, 0x00000000e7900000| Untracked 
| 122|0x00000000e7a00000, 0x00000000e7a00000, 0x00000000e7b00000|  0%| F|  |TAMS 0x00000000e7a00000, 0x00000000e7a00000| Untracked 
| 123|0x00000000e7b00000, 0x00000000e7b00000, 0x00000000e7c00000|  0%| F|  |TAMS 0x00000000e7b00000, 0x00000000e7b00000| Untracked 
| 124|0x00000000e7c00000, 0x00000000e7c00000, 0x00000000e7d00000|  0%| F|  |TAMS 0x00000000e7c00000, 0x00000000e7c00000| Untracked 
| 125|0x00000000e7d00000, 0x00000000e7d00000, 0x00000000e7e00000|  0%| F|  |TAMS 0x00000000e7d00000, 0x00000000e7d00000| Untracked 
| 126|0x00000000e7e00000, 0x00000000e7e00000, 0x00000000e7f00000|  0%| F|  |TAMS 0x00000000e7e00000, 0x00000000e7e00000| Untracked 
| 127|0x00000000e7f00000, 0x00000000e7f00000, 0x00000000e8000000|  0%| F|  |TAMS 0x00000000e7f00000, 0x00000000e7f00000| Untracked 
| 128|0x00000000e8000000, 0x00000000e8000000, 0x00000000e8100000|  0%| F|  |TAMS 0x00000000e8000000, 0x00000000e8000000| Untracked 
| 129|0x00000000e8100000, 0x00000000e8100000, 0x00000000e8200000|  0%| F|  |TAMS 0x00000000e8100000, 0x00000000e8100000| Untracked 
| 130|0x00000000e8200000, 0x00000000e8300000, 0x00000000e8300000|100%| S|CS|TAMS 0x00000000e8200000, 0x00000000e8200000| Complete 
| 131|0x00000000e8300000, 0x00000000e8400000, 0x00000000e8400000|100%| S|CS|TAMS 0x00000000e8300000, 0x00000000e8300000| Complete 
| 132|0x00000000e8400000, 0x00000000e8500000, 0x00000000e8500000|100%| S|CS|TAMS 0x00000000e8400000, 0x00000000e8400000| Complete 
| 133|0x00000000e8500000, 0x00000000e8600000, 0x00000000e8600000|100%| S|CS|TAMS 0x00000000e8500000, 0x00000000e8500000| Complete 
| 134|0x00000000e8600000, 0x00000000e8700000, 0x00000000e8700000|100%| S|CS|TAMS 0x00000000e8600000, 0x00000000e8600000| Complete 
| 135|0x00000000e8700000, 0x00000000e8800000, 0x00000000e8800000|100%| S|CS|TAMS 0x00000000e8700000, 0x00000000e8700000| Complete 
| 136|0x00000000e8800000, 0x00000000e8900000, 0x00000000e8900000|100%| S|CS|TAMS 0x00000000e8800000, 0x00000000e8800000| Complete 
| 137|0x00000000e8900000, 0x00000000e8a00000, 0x00000000e8a00000|100%| S|CS|TAMS 0x00000000e8900000, 0x00000000e8900000| Complete 
| 138|0x00000000e8a00000, 0x00000000e8b00000, 0x00000000e8b00000|100%| S|CS|TAMS 0x00000000e8a00000, 0x00000000e8a00000| Complete 
| 139|0x00000000e8b00000, 0x00000000e8b00000, 0x00000000e8c00000|  0%| F|  |TAMS 0x00000000e8b00000, 0x00000000e8b00000| Untracked 
| 140|0x00000000e8c00000, 0x00000000e8c00000, 0x00000000e8d00000|  0%| F|  |TAMS 0x00000000e8c00000, 0x00000000e8c00000| Untracked 
| 141|0x00000000e8d00000, 0x00000000e8d00000, 0x00000000e8e00000|  0%| F|  |TAMS 0x00000000e8d00000, 0x00000000e8d00000| Untracked 
| 142|0x00000000e8e00000, 0x00000000e8e00000, 0x00000000e8f00000|  0%| F|  |TAMS 0x00000000e8e00000, 0x00000000e8e00000| Untracked 
| 143|0x00000000e8f00000, 0x00000000e8f00000, 0x00000000e9000000|  0%| F|  |TAMS 0x00000000e8f00000, 0x00000000e8f00000| Untracked 
| 144|0x00000000e9000000, 0x00000000e9000000, 0x00000000e9100000|  0%| F|  |TAMS 0x00000000e9000000, 0x00000000e9000000| Untracked 
| 145|0x00000000e9100000, 0x00000000e9100000, 0x00000000e9200000|  0%| F|  |TAMS 0x00000000e9100000, 0x00000000e9100000| Untracked 
| 146|0x00000000e9200000, 0x00000000e9200000, 0x00000000e9300000|  0%| F|  |TAMS 0x00000000e9200000, 0x00000000e9200000| Untracked 
| 147|0x00000000e9300000, 0x00000000e9300000, 0x00000000e9400000|  0%| F|  |TAMS 0x00000000e9300000, 0x00000000e9300000| Untracked 
| 148|0x00000000e9400000, 0x00000000e9400000, 0x00000000e9500000|  0%| F|  |TAMS 0x00000000e9400000, 0x00000000e9400000| Untracked 
| 149|0x00000000e9500000, 0x00000000e9500000, 0x00000000e9600000|  0%| F|  |TAMS 0x00000000e9500000, 0x00000000e9500000| Untracked 
| 150|0x00000000e9600000, 0x00000000e9600000, 0x00000000e9700000|  0%| F|  |TAMS 0x00000000e9600000, 0x00000000e9600000| Untracked 
| 151|0x00000000e9700000, 0x00000000e9800000, 0x00000000e9800000|100%| S|CS|TAMS 0x00000000e9700000, 0x00000000e9700000| Complete 
| 152|0x00000000e9800000, 0x00000000e9900000, 0x00000000e9900000|100%| S|CS|TAMS 0x00000000e9800000, 0x00000000e9800000| Complete 
| 153|0x00000000e9900000, 0x00000000e9a00000, 0x00000000e9a00000|100%| S|CS|TAMS 0x00000000e9900000, 0x00000000e9900000| Complete 
| 154|0x00000000e9a00000, 0x00000000e9b00000, 0x00000000e9b00000|100%| S|CS|TAMS 0x00000000e9a00000, 0x00000000e9a00000| Complete 
| 155|0x00000000e9b00000, 0x00000000e9c00000, 0x00000000e9c00000|100%| S|CS|TAMS 0x00000000e9b00000, 0x00000000e9b00000| Complete 
| 156|0x00000000e9c00000, 0x00000000e9d00000, 0x00000000e9d00000|100%| S|CS|TAMS 0x00000000e9c00000, 0x00000000e9c00000| Complete 
| 157|0x00000000e9d00000, 0x00000000e9d00000, 0x00000000e9e00000|  0%| F|  |TAMS 0x00000000e9d00000, 0x00000000e9d00000| Untracked 
| 158|0x00000000e9e00000, 0x00000000e9e00000, 0x00000000e9f00000|  0%| F|  |TAMS 0x00000000e9e00000, 0x00000000e9e00000| Untracked 
| 159|0x00000000e9f00000, 0x00000000e9f00000, 0x00000000ea000000|  0%| F|  |TAMS 0x00000000e9f00000, 0x00000000e9f00000| Untracked 
| 160|0x00000000ea000000, 0x00000000ea000000, 0x00000000ea100000|  0%| F|  |TAMS 0x00000000ea000000, 0x00000000ea000000| Untracked 
| 161|0x00000000ea100000, 0x00000000ea100000, 0x00000000ea200000|  0%| F|  |TAMS 0x00000000ea100000, 0x00000000ea100000| Untracked 
| 162|0x00000000ea200000, 0x00000000ea200000, 0x00000000ea300000|  0%| F|  |TAMS 0x00000000ea200000, 0x00000000ea200000| Untracked 
| 163|0x00000000ea300000, 0x00000000ea300000, 0x00000000ea400000|  0%| F|  |TAMS 0x00000000ea300000, 0x00000000ea300000| Untracked 
| 164|0x00000000ea400000, 0x00000000ea400000, 0x00000000ea500000|  0%| F|  |TAMS 0x00000000ea400000, 0x00000000ea400000| Untracked 
| 165|0x00000000ea500000, 0x00000000ea500000, 0x00000000ea600000|  0%| F|  |TAMS 0x00000000ea500000, 0x00000000ea500000| Untracked 
| 166|0x00000000ea600000, 0x00000000ea600000, 0x00000000ea700000|  0%| F|  |TAMS 0x00000000ea600000, 0x00000000ea600000| Untracked 
| 167|0x00000000ea700000, 0x00000000ea700000, 0x00000000ea800000|  0%| F|  |TAMS 0x00000000ea700000, 0x00000000ea700000| Untracked 
| 168|0x00000000ea800000, 0x00000000ea800000, 0x00000000ea900000|  0%| F|  |TAMS 0x00000000ea800000, 0x00000000ea800000| Untracked 
| 169|0x00000000ea900000, 0x00000000ea900000, 0x00000000eaa00000|  0%| F|  |TAMS 0x00000000ea900000, 0x00000000ea900000| Untracked 
| 170|0x00000000eaa00000, 0x00000000eaa00000, 0x00000000eab00000|  0%| F|  |TAMS 0x00000000eaa00000, 0x00000000eaa00000| Untracked 
| 171|0x00000000eab00000, 0x00000000eab00000, 0x00000000eac00000|  0%| F|  |TAMS 0x00000000eab00000, 0x00000000eab00000| Untracked 
| 172|0x00000000eac00000, 0x00000000eac00000, 0x00000000ead00000|  0%| F|  |TAMS 0x00000000eac00000, 0x00000000eac00000| Untracked 
| 173|0x00000000ead00000, 0x00000000ead00000, 0x00000000eae00000|  0%| F|  |TAMS 0x00000000ead00000, 0x00000000ead00000| Untracked 
| 174|0x00000000eae00000, 0x00000000eae00000, 0x00000000eaf00000|  0%| F|  |TAMS 0x00000000eae00000, 0x00000000eae00000| Untracked 
| 175|0x00000000eaf00000, 0x00000000eaf00000, 0x00000000eb000000|  0%| F|  |TAMS 0x00000000eaf00000, 0x00000000eaf00000| Untracked 
| 176|0x00000000eb000000, 0x00000000eb000000, 0x00000000eb100000|  0%| F|  |TAMS 0x00000000eb000000, 0x00000000eb000000| Untracked 
| 177|0x00000000eb100000, 0x00000000eb100000, 0x00000000eb200000|  0%| F|  |TAMS 0x00000000eb100000, 0x00000000eb100000| Untracked 
| 178|0x00000000eb200000, 0x00000000eb200000, 0x00000000eb300000|  0%| F|  |TAMS 0x00000000eb200000, 0x00000000eb200000| Untracked 
| 179|0x00000000eb300000, 0x00000000eb300000, 0x00000000eb400000|  0%| F|  |TAMS 0x00000000eb300000, 0x00000000eb300000| Untracked 
| 180|0x00000000eb400000, 0x00000000eb400000, 0x00000000eb500000|  0%| F|  |TAMS 0x00000000eb400000, 0x00000000eb400000| Untracked 
| 181|0x00000000eb500000, 0x00000000eb500000, 0x00000000eb600000|  0%| F|  |TAMS 0x00000000eb500000, 0x00000000eb500000| Untracked 
| 182|0x00000000eb600000, 0x00000000eb600000, 0x00000000eb700000|  0%| F|  |TAMS 0x00000000eb600000, 0x00000000eb600000| Untracked 
| 183|0x00000000eb700000, 0x00000000eb700000, 0x00000000eb800000|  0%| F|  |TAMS 0x00000000eb700000, 0x00000000eb700000| Untracked 
| 184|0x00000000eb800000, 0x00000000eb800000, 0x00000000eb900000|  0%| F|  |TAMS 0x00000000eb800000, 0x00000000eb800000| Untracked 
| 185|0x00000000eb900000, 0x00000000eb900000, 0x00000000eba00000|  0%| F|  |TAMS 0x00000000eb900000, 0x00000000eb900000| Untracked 
| 186|0x00000000eba00000, 0x00000000eba00000, 0x00000000ebb00000|  0%| F|  |TAMS 0x00000000eba00000, 0x00000000eba00000| Untracked 
| 187|0x00000000ebb00000, 0x00000000ebb00000, 0x00000000ebc00000|  0%| F|  |TAMS 0x00000000ebb00000, 0x00000000ebb00000| Untracked 
| 188|0x00000000ebc00000, 0x00000000ebc00000, 0x00000000ebd00000|  0%| F|  |TAMS 0x00000000ebc00000, 0x00000000ebc00000| Untracked 
| 189|0x00000000ebd00000, 0x00000000ebd00000, 0x00000000ebe00000|  0%| F|  |TAMS 0x00000000ebd00000, 0x00000000ebd00000| Untracked 
| 190|0x00000000ebe00000, 0x00000000ebe00000, 0x00000000ebf00000|  0%| F|  |TAMS 0x00000000ebe00000, 0x00000000ebe00000| Untracked 
| 191|0x00000000ebf00000, 0x00000000ebf00000, 0x00000000ec000000|  0%| F|  |TAMS 0x00000000ebf00000, 0x00000000ebf00000| Untracked 
| 192|0x00000000ec000000, 0x00000000ec000000, 0x00000000ec100000|  0%| F|  |TAMS 0x00000000ec000000, 0x00000000ec000000| Untracked 
| 193|0x00000000ec100000, 0x00000000ec100000, 0x00000000ec200000|  0%| F|  |TAMS 0x00000000ec100000, 0x00000000ec100000| Untracked 
| 194|0x00000000ec200000, 0x00000000ec200000, 0x00000000ec300000|  0%| F|  |TAMS 0x00000000ec200000, 0x00000000ec200000| Untracked 
| 195|0x00000000ec300000, 0x00000000ec300000, 0x00000000ec400000|  0%| F|  |TAMS 0x00000000ec300000, 0x00000000ec300000| Untracked 
| 196|0x00000000ec400000, 0x00000000ec400000, 0x00000000ec500000|  0%| F|  |TAMS 0x00000000ec400000, 0x00000000ec400000| Untracked 
| 197|0x00000000ec500000, 0x00000000ec500000, 0x00000000ec600000|  0%| F|  |TAMS 0x00000000ec500000, 0x00000000ec500000| Untracked 
| 198|0x00000000ec600000, 0x00000000ec600000, 0x00000000ec700000|  0%| F|  |TAMS 0x00000000ec600000, 0x00000000ec600000| Untracked 
| 199|0x00000000ec700000, 0x00000000ec700000, 0x00000000ec800000|  0%| F|  |TAMS 0x00000000ec700000, 0x00000000ec700000| Untracked 
| 200|0x00000000ec800000, 0x00000000ec800000, 0x00000000ec900000|  0%| F|  |TAMS 0x00000000ec800000, 0x00000000ec800000| Untracked 
| 201|0x00000000ec900000, 0x00000000ec900000, 0x00000000eca00000|  0%| F|  |TAMS 0x00000000ec900000, 0x00000000ec900000| Untracked 
| 202|0x00000000eca00000, 0x00000000eca00000, 0x00000000ecb00000|  0%| F|  |TAMS 0x00000000eca00000, 0x00000000eca00000| Untracked 
| 203|0x00000000ecb00000, 0x00000000ecb00000, 0x00000000ecc00000|  0%| F|  |TAMS 0x00000000ecb00000, 0x00000000ecb00000| Untracked 
| 204|0x00000000ecc00000, 0x00000000ecc00000, 0x00000000ecd00000|  0%| F|  |TAMS 0x00000000ecc00000, 0x00000000ecc00000| Untracked 
| 205|0x00000000ecd00000, 0x00000000ecd00000, 0x00000000ece00000|  0%| F|  |TAMS 0x00000000ecd00000, 0x00000000ecd00000| Untracked 
| 206|0x00000000ece00000, 0x00000000ece00000, 0x00000000ecf00000|  0%| F|  |TAMS 0x00000000ece00000, 0x00000000ece00000| Untracked 
| 207|0x00000000ecf00000, 0x00000000ecf00000, 0x00000000ed000000|  0%| F|  |TAMS 0x00000000ecf00000, 0x00000000ecf00000| Untracked 
| 208|0x00000000ed000000, 0x00000000ed000000, 0x00000000ed100000|  0%| F|  |TAMS 0x00000000ed000000, 0x00000000ed000000| Untracked 
| 209|0x00000000ed100000, 0x00000000ed100000, 0x00000000ed200000|  0%| F|  |TAMS 0x00000000ed100000, 0x00000000ed100000| Untracked 
| 210|0x00000000ed200000, 0x00000000ed200000, 0x00000000ed300000|  0%| F|  |TAMS 0x00000000ed200000, 0x00000000ed200000| Untracked 
| 211|0x00000000ed300000, 0x00000000ed300000, 0x00000000ed400000|  0%| F|  |TAMS 0x00000000ed300000, 0x00000000ed300000| Untracked 
| 212|0x00000000ed400000, 0x00000000ed400000, 0x00000000ed500000|  0%| F|  |TAMS 0x00000000ed400000, 0x00000000ed400000| Untracked 
| 213|0x00000000ed500000, 0x00000000ed500000, 0x00000000ed600000|  0%| F|  |TAMS 0x00000000ed500000, 0x00000000ed500000| Untracked 
| 214|0x00000000ed600000, 0x00000000ed600000, 0x00000000ed700000|  0%| F|  |TAMS 0x00000000ed600000, 0x00000000ed600000| Untracked 
| 215|0x00000000ed700000, 0x00000000ed700000, 0x00000000ed800000|  0%| F|  |TAMS 0x00000000ed700000, 0x00000000ed700000| Untracked 
| 216|0x00000000ed800000, 0x00000000ed800000, 0x00000000ed900000|  0%| F|  |TAMS 0x00000000ed800000, 0x00000000ed800000| Untracked 
| 217|0x00000000ed900000, 0x00000000ed900000, 0x00000000eda00000|  0%| F|  |TAMS 0x00000000ed900000, 0x00000000ed900000| Untracked 
| 218|0x00000000eda00000, 0x00000000eda00000, 0x00000000edb00000|  0%| F|  |TAMS 0x00000000eda00000, 0x00000000eda00000| Untracked 
| 219|0x00000000edb00000, 0x00000000edb00000, 0x00000000edc00000|  0%| F|  |TAMS 0x00000000edb00000, 0x00000000edb00000| Untracked 
| 220|0x00000000edc00000, 0x00000000edc00000, 0x00000000edd00000|  0%| F|  |TAMS 0x00000000edc00000, 0x00000000edc00000| Untracked 
| 221|0x00000000edd00000, 0x00000000edd00000, 0x00000000ede00000|  0%| F|  |TAMS 0x00000000edd00000, 0x00000000edd00000| Untracked 
| 222|0x00000000ede00000, 0x00000000ede00000, 0x00000000edf00000|  0%| F|  |TAMS 0x00000000ede00000, 0x00000000ede00000| Untracked 
| 223|0x00000000edf00000, 0x00000000edf00000, 0x00000000ee000000|  0%| F|  |TAMS 0x00000000edf00000, 0x00000000edf00000| Untracked 
| 224|0x00000000ee000000, 0x00000000ee000000, 0x00000000ee100000|  0%| F|  |TAMS 0x00000000ee000000, 0x00000000ee000000| Untracked 
| 225|0x00000000ee100000, 0x00000000ee100000, 0x00000000ee200000|  0%| F|  |TAMS 0x00000000ee100000, 0x00000000ee100000| Untracked 
| 226|0x00000000ee200000, 0x00000000ee200000, 0x00000000ee300000|  0%| F|  |TAMS 0x00000000ee200000, 0x00000000ee200000| Untracked 
| 227|0x00000000ee300000, 0x00000000ee300000, 0x00000000ee400000|  0%| F|  |TAMS 0x00000000ee300000, 0x00000000ee300000| Untracked 
| 228|0x00000000ee400000, 0x00000000ee400000, 0x00000000ee500000|  0%| F|  |TAMS 0x00000000ee400000, 0x00000000ee400000| Untracked 
| 229|0x00000000ee500000, 0x00000000ee500000, 0x00000000ee600000|  0%| F|  |TAMS 0x00000000ee500000, 0x00000000ee500000| Untracked 
| 230|0x00000000ee600000, 0x00000000ee600000, 0x00000000ee700000|  0%| F|  |TAMS 0x00000000ee600000, 0x00000000ee600000| Untracked 
| 231|0x00000000ee700000, 0x00000000ee700000, 0x00000000ee800000|  0%| F|  |TAMS 0x00000000ee700000, 0x00000000ee700000| Untracked 
| 232|0x00000000ee800000, 0x00000000ee800000, 0x00000000ee900000|  0%| F|  |TAMS 0x00000000ee800000, 0x00000000ee800000| Untracked 
| 233|0x00000000ee900000, 0x00000000ee900000, 0x00000000eea00000|  0%| F|  |TAMS 0x00000000ee900000, 0x00000000ee900000| Untracked 
| 234|0x00000000eea00000, 0x00000000eea00000, 0x00000000eeb00000|  0%| F|  |TAMS 0x00000000eea00000, 0x00000000eea00000| Untracked 
| 235|0x00000000eeb00000, 0x00000000eeb00000, 0x00000000eec00000|  0%| F|  |TAMS 0x00000000eeb00000, 0x00000000eeb00000| Untracked 
| 236|0x00000000eec00000, 0x00000000eec00000, 0x00000000eed00000|  0%| F|  |TAMS 0x00000000eec00000, 0x00000000eec00000| Untracked 
| 237|0x00000000eed00000, 0x00000000eed00000, 0x00000000eee00000|  0%| F|  |TAMS 0x00000000eed00000, 0x00000000eed00000| Untracked 
| 238|0x00000000eee00000, 0x00000000eee00000, 0x00000000eef00000|  0%| F|  |TAMS 0x00000000eee00000, 0x00000000eee00000| Untracked 
| 239|0x00000000eef00000, 0x00000000eef00000, 0x00000000ef000000|  0%| F|  |TAMS 0x00000000eef00000, 0x00000000eef00000| Untracked 
| 240|0x00000000ef000000, 0x00000000ef000000, 0x00000000ef100000|  0%| F|  |TAMS 0x00000000ef000000, 0x00000000ef000000| Untracked 
| 241|0x00000000ef100000, 0x00000000ef100000, 0x00000000ef200000|  0%| F|  |TAMS 0x00000000ef100000, 0x00000000ef100000| Untracked 
| 242|0x00000000ef200000, 0x00000000ef200000, 0x00000000ef300000|  0%| F|  |TAMS 0x00000000ef200000, 0x00000000ef200000| Untracked 
| 243|0x00000000ef300000, 0x00000000ef300000, 0x00000000ef400000|  0%| F|  |TAMS 0x00000000ef300000, 0x00000000ef300000| Untracked 
| 244|0x00000000ef400000, 0x00000000ef400000, 0x00000000ef500000|  0%| F|  |TAMS 0x00000000ef400000, 0x00000000ef400000| Untracked 
| 245|0x00000000ef500000, 0x00000000ef500000, 0x00000000ef600000|  0%| F|  |TAMS 0x00000000ef500000, 0x00000000ef500000| Untracked 
| 246|0x00000000ef600000, 0x00000000ef600000, 0x00000000ef700000|  0%| F|  |TAMS 0x00000000ef600000, 0x00000000ef600000| Untracked 
| 247|0x00000000ef700000, 0x00000000ef700000, 0x00000000ef800000|  0%| F|  |TAMS 0x00000000ef700000, 0x00000000ef700000| Untracked 
| 248|0x00000000ef800000, 0x00000000ef800000, 0x00000000ef900000|  0%| F|  |TAMS 0x00000000ef800000, 0x00000000ef800000| Untracked 
| 249|0x00000000ef900000, 0x00000000ef980800, 0x00000000efa00000| 50%| E|  |TAMS 0x00000000ef900000, 0x00000000ef900000| Complete 
| 250|0x00000000efa00000, 0x00000000efb00000, 0x00000000efb00000|100%| E|CS|TAMS 0x00000000efa00000, 0x00000000efa00000| Complete 
| 251|0x00000000efb00000, 0x00000000efc00000, 0x00000000efc00000|100%| E|CS|TAMS 0x00000000efb00000, 0x00000000efb00000| Complete 
| 252|0x00000000efc00000, 0x00000000efd00000, 0x00000000efd00000|100%| E|CS|TAMS 0x00000000efc00000, 0x00000000efc00000| Complete 
| 253|0x00000000efd00000, 0x00000000efe00000, 0x00000000efe00000|100%| E|CS|TAMS 0x00000000efd00000, 0x00000000efd00000| Complete 
| 254|0x00000000efe00000, 0x00000000eff00000, 0x00000000eff00000|100%| E|CS|TAMS 0x00000000efe00000, 0x00000000efe00000| Complete 
| 255|0x00000000eff00000, 0x00000000f0000000, 0x00000000f0000000|100%| E|CS|TAMS 0x00000000eff00000, 0x00000000eff00000| Complete 

Card table byte_map: [0x000001fe76d10000,0x000001fe76e10000] _byte_map_base: 0x000001fe76610000

Marking Bits (Prev, Next): (CMBitMap*) 0x000001fe6f4d0860, (CMBitMap*) 0x000001fe6f4d08a0
 Prev Bits: [0x000001fe76f10000, 0x000001fe77710000)
 Next Bits: [0x000001fe77710000, 0x000001fe77f10000)

Polling page: 0x000001fe6ec70000

Metaspace:

Usage:
  Non-class:     30.86 MB used.
      Class:      4.93 MB used.
       Both:     35.78 MB used.

Virtual space:
  Non-class space:       32.00 MB reserved,      31.06 MB ( 97%) committed,  4 nodes.
      Class space:      208.00 MB reserved,       5.06 MB (  2%) committed,  1 nodes.
             Both:      240.00 MB reserved,      36.13 MB ( 15%) committed. 

Chunk freelists:
   Non-Class:  576.00 KB
       Class:  2.76 MB
        Both:  3.32 MB

MaxMetaspaceSize: 256.00 MB
CompressedClassSpaceSize: 208.00 MB
Initial GC threshold: 21.00 MB
Current GC threshold: 59.00 MB
CDS: on
MetaspaceReclaimPolicy: balanced
 - commit_granule_bytes: 65536.
 - commit_granule_words: 8192.
 - virtual_space_node_default_size: 1048576.
 - enlarge_chunks_in_place: 1.
 - new_chunks_are_fully_committed: 0.
 - uncommit_free_chunks: 1.
 - use_allocation_guard: 0.
 - handle_deallocations: 1.


Internal statistics:

num_allocs_failed_limit: 6.
num_arena_births: 296.
num_arena_deaths: 0.
num_vsnodes_births: 5.
num_vsnodes_deaths: 0.
num_space_committed: 578.
num_space_uncommitted: 0.
num_chunks_returned_to_freelist: 6.
num_chunks_taken_from_freelist: 1621.
num_chunk_merges: 6.
num_chunk_splits: 1093.
num_chunks_enlarged: 773.
num_purges: 0.
num_inconsistent_stats: 0.

CodeHeap 'non-profiled nmethods': size=120000Kb used=2150Kb max_used=2150Kb free=117849Kb
 bounds [0x000001fe07ad0000, 0x000001fe07d40000, 0x000001fe0f000000]
CodeHeap 'profiled nmethods': size=120000Kb used=8726Kb max_used=8726Kb free=111274Kb
 bounds [0x000001fe005a0000, 0x000001fe00e30000, 0x000001fe07ad0000]
CodeHeap 'non-nmethods': size=5760Kb used=2291Kb max_used=2325Kb free=3469Kb
 bounds [0x000001fe00000000, 0x000001fe00270000, 0x000001fe005a0000]
 total_blobs=4931 nmethods=4130 adapters=714
 compilation: enabled
              stopped_count=0, restarted_count=0
 full_count=0

Compilation events (20 events):
Event: 24.777 Thread 0x000001fe7a4f50a0 4123       3       org.gradle.internal.instantiation.generator.AbstractClassGenerator$DslMixInPropertyType::claimPropertyImplementation (21 bytes)
Event: 24.777 Thread 0x000001fe7a4f50a0 nmethod 4123 0x000001fe00e14c90 code [0x000001fe00e14e40, 0x000001fe00e15048]
Event: 24.777 Thread 0x000001fe7a4f50a0 4124       3       org.gradle.internal.instantiation.generator.AbstractClassGenerator$ServicesPropertyHandler::claimPropertyImplementation (40 bytes)
Event: 24.778 Thread 0x000001fe7a4f50a0 nmethod 4124 0x000001fe00e15190 code [0x000001fe00e153c0, 0x000001fe00e15c98]
Event: 24.778 Thread 0x000001fe7a4f50a0 4125       3       org.gradle.internal.instantiation.generator.AbstractClassGenerator$NamePropertyHandler::claimPropertyImplementation (16 bytes)
Event: 24.778 Thread 0x000001fe7a4f50a0 nmethod 4125 0x000001fe00e15f90 code [0x000001fe00e16140, 0x000001fe00e163a8]
Event: 24.778 Thread 0x000001fe7a4f50a0 4126       3       org.gradle.internal.instantiation.generator.AbstractClassGenerator$ManagedPropertiesHandler::claimPropertyImplementation (141 bytes)
Event: 24.779 Thread 0x000001fe7a4f50a0 nmethod 4126 0x000001fe00e16490 code [0x000001fe00e167a0, 0x000001fe00e17b78]
Event: 24.779 Thread 0x000001fe7a4f50a0 4127       3       org.gradle.internal.instantiation.generator.AbstractClassGenerator$AbstractInjectedPropertyHandler::claimPropertyImplementation (61 bytes)
Event: 24.780 Thread 0x000001fe7a4f50a0 nmethod 4127 0x000001fe00e18090 code [0x000001fe00e18320, 0x000001fe00e19068]
Event: 24.781 Thread 0x000001fe7a4f50a0 4128       3       org.objectweb.asm.Type::getSort (19 bytes)
Event: 24.781 Thread 0x000001fe7a4f50a0 nmethod 4128 0x000001fe00e19490 code [0x000001fe00e19620, 0x000001fe00e19778]
Event: 24.783 Thread 0x000001fe7a4f50a0 4129       3       com.google.common.collect.LinkedHashMultimap::get (6 bytes)
Event: 24.783 Thread 0x000001fe7a4f50a0 nmethod 4129 0x000001fe00e19810 code [0x000001fe00e19a00, 0x000001fe00e1a008]
Event: 24.783 Thread 0x000001fe7a4f50a0 4130       3       com.google.common.collect.AbstractMapBasedMultimap$WrappedSet::<init> (14 bytes)
Event: 24.783 Thread 0x000001fe7a4f50a0 nmethod 4130 0x000001fe00e1a190 code [0x000001fe00e1a340, 0x000001fe00e1a4e8]
Event: 24.783 Thread 0x000001fe7a4f50a0 4131       3       com.google.common.collect.AbstractMapBasedMultimap$WrappedCollection::iterator (13 bytes)
Event: 24.784 Thread 0x000001fe7a4f50a0 nmethod 4131 0x000001fe00e1a590 code [0x000001fe00e1a7a0, 0x000001fe00e1b068]
Event: 24.784 Thread 0x000001fe7a4f50a0 4132       3       com.google.common.collect.LinkedHashMultimap$ValueSet::iterator (9 bytes)
Event: 24.785 Thread 0x000001fe7a4f50a0 nmethod 4132 0x000001fe00e1b290 code [0x000001fe00e1b440, 0x000001fe00e1b758]

GC Heap History (8 events):
Event: 1.623 GC heap before
{Heap before GC invocations=0 (full 0):
 garbage-first heap   total 262144K, used 15360K [0x00000000e0000000, 0x0000000100000000)
  region size 1024K, 13 young (13312K), 0 survivors (0K)
 Metaspace       used 962K, committed 1088K, reserved 221184K
  class space    used 74K, committed 128K, reserved 212992K
}
Event: 1.668 GC heap after
{Heap after GC invocations=1 (full 0):
 garbage-first heap   total 262144K, used 3802K [0x00000000e0000000, 0x0000000100000000)
  region size 1024K, 2 young (2048K), 2 survivors (2048K)
 Metaspace       used 962K, committed 1088K, reserved 221184K
  class space    used 74K, committed 128K, reserved 212992K
}
Event: 3.192 GC heap before
{Heap before GC invocations=1 (full 0):
 garbage-first heap   total 262144K, used 22234K [0x00000000e0000000, 0x0000000100000000)
  region size 1024K, 17 young (17408K), 2 survivors (2048K)
 Metaspace       used 3801K, committed 4032K, reserved 221184K
  class space    used 476K, committed 576K, reserved 212992K
}
Event: 3.198 GC heap after
{Heap after GC invocations=2 (full 0):
 garbage-first heap   total 262144K, used 9359K [0x00000000e0000000, 0x0000000100000000)
  region size 1024K, 3 young (3072K), 3 survivors (3072K)
 Metaspace       used 3801K, committed 4032K, reserved 221184K
  class space    used 476K, committed 576K, reserved 212992K
}
Event: 5.712 GC heap before
{Heap before GC invocations=2 (full 0):
 garbage-first heap   total 262144K, used 31887K [0x00000000e0000000, 0x0000000100000000)
  region size 1024K, 25 young (25600K), 3 survivors (3072K)
 Metaspace       used 3937K, committed 4160K, reserved 221184K
  class space    used 479K, committed 576K, reserved 212992K
}
Event: 5.718 GC heap after
{Heap after GC invocations=3 (full 0):
 garbage-first heap   total 262144K, used 13679K [0x00000000e0000000, 0x0000000100000000)
  region size 1024K, 4 young (4096K), 4 survivors (4096K)
 Metaspace       used 3937K, committed 4160K, reserved 221184K
  class space    used 479K, committed 576K, reserved 212992K
}
Event: 17.478 GC heap before
{Heap before GC invocations=3 (full 0):
 garbage-first heap   total 262144K, used 116079K [0x00000000e0000000, 0x0000000100000000)
  region size 1024K, 105 young (107520K), 4 survivors (4096K)
 Metaspace       used 21271K, committed 21504K, reserved 237568K
  class space    used 3175K, committed 3264K, reserved 212992K
}
Event: 17.495 GC heap after
{Heap after GC invocations=4 (full 0):
 garbage-first heap   total 262144K, used 20947K [0x00000000e0000000, 0x0000000100000000)
  region size 1024K, 12 young (12288K), 12 survivors (12288K)
 Metaspace       used 21271K, committed 21504K, reserved 237568K
  class space    used 3175K, committed 3264K, reserved 212992K
}

Deoptimization events (20 events):
Event: 24.543 Thread 0x000001fe7bc5da50 Uncommon trap: trap_request=0xffffffc6 fr.pc=0x000001fe07c04640 relative=0x0000000000000200
Event: 24.543 Thread 0x000001fe7bc5da50 Uncommon trap: reason=bimorphic_or_optimized_type_check action=maybe_recompile pc=0x000001fe07c04640 method=com.google.common.base.CharMatcher.indexIn(Ljava/lang/CharSequence;I)I @ 31 c2
Event: 24.543 Thread 0x000001fe7bc5da50 DEOPT PACKING pc=0x000001fe07c04640 sp=0x00000058d2af8280
Event: 24.543 Thread 0x000001fe7bc5da50 DEOPT UNPACKING pc=0x000001fe0005239d sp=0x00000058d2af8228 mode 2
Event: 24.616 Thread 0x000001fe7bc5da50 Uncommon trap: trap_request=0xffffffc6 fr.pc=0x000001fe07c04640 relative=0x0000000000000200
Event: 24.616 Thread 0x000001fe7bc5da50 Uncommon trap: reason=bimorphic_or_optimized_type_check action=maybe_recompile pc=0x000001fe07c04640 method=com.google.common.base.CharMatcher.indexIn(Ljava/lang/CharSequence;I)I @ 31 c2
Event: 24.616 Thread 0x000001fe7bc5da50 DEOPT PACKING pc=0x000001fe07c04640 sp=0x00000058d2af9c00
Event: 24.616 Thread 0x000001fe7bc5da50 DEOPT UNPACKING pc=0x000001fe0005239d sp=0x00000058d2af9ba8 mode 2
Event: 24.727 Thread 0x000001fe7bc5da50 Uncommon trap: trap_request=0xffffff45 fr.pc=0x000001fe07b44278 relative=0x00000000000001d8
Event: 24.727 Thread 0x000001fe7bc5da50 Uncommon trap: reason=unstable_if action=reinterpret pc=0x000001fe07b44278 method=java.net.URI$Parser.scan(IILjava/lang/String;)I @ 26 c2
Event: 24.727 Thread 0x000001fe7bc5da50 DEOPT PACKING pc=0x000001fe07b44278 sp=0x00000058d2af9160
Event: 24.727 Thread 0x000001fe7bc5da50 DEOPT UNPACKING pc=0x000001fe0005239d sp=0x00000058d2af90f0 mode 2
Event: 24.727 Thread 0x000001fe7bc5da50 Uncommon trap: trap_request=0xffffff45 fr.pc=0x000001fe07b2453c relative=0x000000000000011c
Event: 24.727 Thread 0x000001fe7bc5da50 Uncommon trap: reason=unstable_if action=reinterpret pc=0x000001fe07b2453c method=java.net.URI.match(CJJ)Z @ 45 c2
Event: 24.727 Thread 0x000001fe7bc5da50 DEOPT PACKING pc=0x000001fe07b2453c sp=0x00000058d2af8ee0
Event: 24.727 Thread 0x000001fe7bc5da50 DEOPT UNPACKING pc=0x000001fe0005239d sp=0x00000058d2af8e08 mode 2
Event: 24.727 Thread 0x000001fe7bc5da50 Uncommon trap: trap_request=0xffffff45 fr.pc=0x000001fe07af2248 relative=0x0000000000000048
Event: 24.727 Thread 0x000001fe7bc5da50 Uncommon trap: reason=unstable_if action=reinterpret pc=0x000001fe07af2248 method=java.net.URI.match(CJJ)Z @ 19 c2
Event: 24.727 Thread 0x000001fe7bc5da50 DEOPT PACKING pc=0x000001fe07af2248 sp=0x00000058d2af8ee0
Event: 24.727 Thread 0x000001fe7bc5da50 DEOPT UNPACKING pc=0x000001fe0005239d sp=0x00000058d2af8e90 mode 2

Classes unloaded (0 events):
No events

Classes redefined (0 events):
No events

Internal exceptions (20 events):
Event: 23.540 Thread 0x000001fe7bc5da50 Exception <a 'java/lang/ClassNotFoundException'{0x00000000ebe1e210}: settings_8j63hf9yr21f3h4jly75bxm92Customizer> (0x00000000ebe1e210) 
thrown [t:\workspace\open\src\hotspot\share\classfile\systemDictionary.cpp, line 256]
Event: 23.546 Thread 0x000001fe7bc5da50 Exception <a 'java/lang/ClassNotFoundException'{0x00000000ebe7cae8}: org/gradle/initialization/DefaultSettings_DecoratedBeanInfo> (0x00000000ebe7cae8) 
thrown [t:\workspace\open\src\hotspot\share\classfile\systemDictionary.cpp, line 256]
Event: 23.547 Thread 0x000001fe7bc5da50 Exception <a 'java/lang/ClassNotFoundException'{0x00000000ebe8b560}: org/gradle/initialization/DefaultSettingsBeanInfo> (0x00000000ebe8b560) 
thrown [t:\workspace\open\src\hotspot\share\classfile\systemDictionary.cpp, line 256]
Event: 23.548 Thread 0x000001fe7bc5da50 Exception <a 'java/lang/ClassNotFoundException'{0x00000000ebe99c10}: org/gradle/initialization/DefaultSettingsCustomizer> (0x00000000ebe99c10) 
thrown [t:\workspace\open\src\hotspot\share\classfile\systemDictionary.cpp, line 256]
Event: 23.553 Thread 0x000001fe7bc5da50 Exception <a 'java/lang/ClassNotFoundException'{0x00000000ebed7750}: org/gradle/initialization/DefaultSettings_DecoratedCustomizer> (0x00000000ebed7750) 
thrown [t:\workspace\open\src\hotspot\share\classfile\systemDictionary.cpp, line 256]
Event: 23.562 Thread 0x000001fe7bc5da50 Exception <a 'java/lang/ClassNotFoundException'{0x00000000ebd43a38}: org/gradle/initialization/DefaultProjectDescriptorBeanInfo> (0x00000000ebd43a38) 
thrown [t:\workspace\open\src\hotspot\share\classfile\systemDictionary.cpp, line 256]
Event: 23.563 Thread 0x000001fe7bc5da50 Exception <a 'java/lang/ClassNotFoundException'{0x00000000ebd51e28}: org/gradle/initialization/DefaultProjectDescriptorCustomizer> (0x00000000ebd51e28) 
thrown [t:\workspace\open\src\hotspot\share\classfile\systemDictionary.cpp, line 256]
Event: 23.594 Thread 0x000001fe7bc5da50 Implicit null exception at 0x000001fe07c55a6c to 0x000001fe07c55b14
Event: 24.194 Thread 0x000001fe7bc5da50 Implicit null exception at 0x000001fe07af2ed8 to 0x000001fe07af2f6e
Event: 24.506 Thread 0x000001fe7bc5da50 Exception <a 'java/lang/ClassNotFoundException'{0x00000000ea970e00}: build_buyll55lrywol5keaun9v6jb6BeanInfo> (0x00000000ea970e00) 
thrown [t:\workspace\open\src\hotspot\share\classfile\systemDictionary.cpp, line 256]
Event: 24.507 Thread 0x000001fe7bc5da50 Exception <a 'java/lang/ClassNotFoundException'{0x00000000ea97b3e0}: org/gradle/api/internal/project/ProjectScriptBeanInfo> (0x00000000ea97b3e0) 
thrown [t:\workspace\open\src\hotspot\share\classfile\systemDictionary.cpp, line 256]
Event: 24.507 Thread 0x000001fe7bc5da50 Exception <a 'java/lang/ClassNotFoundException'{0x00000000ea985a10}: org/gradle/api/internal/project/ProjectScriptCustomizer> (0x00000000ea985a10) 
thrown [t:\workspace\open\src\hotspot\share\classfile\systemDictionary.cpp, line 256]
Event: 24.509 Thread 0x000001fe7bc5da50 Exception <a 'java/lang/ClassNotFoundException'{0x00000000ea99cfe0}: build_buyll55lrywol5keaun9v6jb6Customizer> (0x00000000ea99cfe0) 
thrown [t:\workspace\open\src\hotspot\share\classfile\systemDictionary.cpp, line 256]
Event: 24.521 Thread 0x000001fe7bc5da50 Exception <a 'java/lang/ClassNotFoundException'{0x00000000ea9fae10}: org/gradle/internal/metaobject/ConfigureDelegateBeanInfo> (0x00000000ea9fae10) 
thrown [t:\workspace\open\src\hotspot\share\classfile\systemDictionary.cpp, line 256]
Event: 24.521 Thread 0x000001fe7bc5da50 Exception <a 'java/lang/ClassNotFoundException'{0x00000000ea809758}: org/gradle/internal/metaobject/ConfigureDelegateCustomizer> (0x00000000ea809758) 
thrown [t:\workspace\open\src\hotspot\share\classfile\systemDictionary.cpp, line 256]
Event: 24.530 Thread 0x000001fe7bc5da50 Exception <a 'java/lang/ClassNotFoundException'{0x00000000ea83ef58}: org/gradle/plugin/use/internal/PluginRequestCollector$PluginDependenciesSpecImplBeanInfo> (0x00000000ea83ef58) 
thrown [t:\workspace\open\src\hotspot\share\classfile\systemDictionary.cpp, line 256]
Event: 24.531 Thread 0x000001fe7bc5da50 Exception <a 'java/lang/ClassNotFoundException'{0x00000000ea84f518}: org/gradle/plugin/use/internal/PluginRequestCollector$PluginDependenciesSpecImplCustomizer> (0x00000000ea84f518) 
thrown [t:\workspace\open\src\hotspot\share\classfile\systemDictionary.cpp, line 256]
Event: 24.537 Thread 0x000001fe7bc5da50 Exception <a 'java/lang/ClassNotFoundException'{0x00000000ea88db10}: org/gradle/plugin/use/internal/PluginRequestCollector$PluginDependencySpecImplBeanInfo> (0x00000000ea88db10) 
thrown [t:\workspace\open\src\hotspot\share\classfile\systemDictionary.cpp, line 256]
Event: 24.538 Thread 0x000001fe7bc5da50 Exception <a 'java/lang/ClassNotFoundException'{0x00000000ea89e4a0}: org/gradle/plugin/use/internal/PluginRequestCollector$PluginDependencySpecImplCustomizer> (0x00000000ea89e4a0) 
thrown [t:\workspace\open\src\hotspot\share\classfile\systemDictionary.cpp, line 256]
Event: 24.611 Thread 0x000001fe7bc5da50 Exception <a 'java/lang/NoSuchMethodError'{0x00000000ea5451c8}: 'void java.lang.invoke.DirectMethodHandle$Holder.invokeInterface(java.lang.Object, java.lang.Object)'> (0x00000000ea5451c8) 
thrown [t:\workspace\open\src\hotspot\share\interpreter\linkResolver.cpp, line 766]

VM Operations (20 events):
Event: 20.907 Executing VM operation: Cleanup
Event: 20.908 Executing VM operation: Cleanup done
Event: 22.385 Executing VM operation: ICBufferFull
Event: 22.385 Executing VM operation: ICBufferFull done
Event: 22.747 Executing VM operation: ICBufferFull
Event: 22.747 Executing VM operation: ICBufferFull done
Event: 23.902 Executing VM operation: HandshakeAllThreads
Event: 23.902 Executing VM operation: HandshakeAllThreads done
Event: 23.902 Executing VM operation: Cleanup
Event: 23.903 Executing VM operation: Cleanup done
Event: 23.984 Executing VM operation: HandshakeAllThreads
Event: 23.984 Executing VM operation: HandshakeAllThreads done
Event: 24.211 Executing VM operation: HandshakeAllThreads
Event: 24.211 Executing VM operation: HandshakeAllThreads done
Event: 24.478 Executing VM operation: ICBufferFull
Event: 24.478 Executing VM operation: ICBufferFull done
Event: 24.545 Executing VM operation: HandshakeAllThreads
Event: 24.545 Executing VM operation: HandshakeAllThreads done
Event: 24.546 Executing VM operation: HandshakeAllThreads
Event: 24.546 Executing VM operation: HandshakeAllThreads done

Events (20 events):
Event: 22.242 loading class com/sun/beans/finder/MethodFinder$1 done
Event: 22.243 loading class com/sun/beans/finder/FinderUtils
Event: 22.243 loading class com/sun/beans/finder/FinderUtils done
Event: 22.460 Thread 0x000001fe7cdeed80 Thread added: 0x000001fe7cdeed80
Event: 22.542 Thread 0x000001fe7cdefbf0 Thread added: 0x000001fe7cdefbf0
Event: 23.569 loading class jdk/internal/math/FDBigInteger
Event: 23.571 loading class jdk/internal/math/FDBigInteger done
Event: 23.643 Thread 0x000001fe7cdeb890 Thread added: 0x000001fe7cdeb890
Event: 23.844 loading class java/nio/file/AtomicMoveNotSupportedException
Event: 23.844 loading class java/nio/file/AtomicMoveNotSupportedException done
Event: 23.900 loading class java/io/FileWriter
Event: 23.900 loading class java/io/FileWriter done
Event: 23.983 loading class java/util/ArrayList$ListItr
Event: 23.983 loading class java/util/ArrayList$ListItr done
Event: 24.262 loading class java/lang/StringIndexOutOfBoundsException
Event: 24.262 loading class java/lang/StringIndexOutOfBoundsException done
Event: 24.741 loading class java/io/DeleteOnExitHook
Event: 24.741 loading class java/io/DeleteOnExitHook done
Event: 24.742 loading class java/io/DeleteOnExitHook$1
Event: 24.742 loading class java/io/DeleteOnExitHook$1 done


Dynamic libraries:
0x00007ff6cdab0000 - 0x00007ff6cdac0000 	C:\Program Files\Java\jdk-17.0.3.1\bin\java.exe
0x00007ffa2efe0000 - 0x00007ffa2f1d0000 	C:\WINDOWS\SYSTEM32\ntdll.dll
0x00007ffa2d160000 - 0x00007ffa2d212000 	C:\WINDOWS\System32\KERNEL32.DLL
0x00007ffa2c310000 - 0x00007ffa2c5b4000 	C:\WINDOWS\System32\KERNELBASE.dll
0x00007ffa2c640000 - 0x00007ffa2c73a000 	C:\WINDOWS\System32\ucrtbase.dll
0x00007ffa17b00000 - 0x00007ffa17b18000 	C:\Program Files\Java\jdk-17.0.3.1\bin\jli.dll
0x00007ffa2e750000 - 0x00007ffa2e7f3000 	C:\WINDOWS\System32\ADVAPI32.dll
0x00007ffa2e880000 - 0x00007ffa2e91e000 	C:\WINDOWS\System32\msvcrt.dll
0x00007ffa2e120000 - 0x00007ffa2e1b7000 	C:\WINDOWS\System32\sechost.dll
0x00007ffa2e630000 - 0x00007ffa2e750000 	C:\WINDOWS\System32\RPCRT4.dll
0x00007ffa2eac0000 - 0x00007ffa2ec54000 	C:\WINDOWS\System32\USER32.dll
0x00007ffa2c840000 - 0x00007ffa2c861000 	C:\WINDOWS\System32\win32u.dll
0x00007ffa2e920000 - 0x00007ffa2e946000 	C:\WINDOWS\System32\GDI32.dll
0x00007ffa2c170000 - 0x00007ffa2c305000 	C:\WINDOWS\System32\gdi32full.dll
0x00007ffa2c7a0000 - 0x00007ffa2c83e000 	C:\WINDOWS\System32\msvcp_win.dll
0x00007ffa1bb70000 - 0x00007ffa1bdf4000 	C:\WINDOWS\WinSxS\amd64_microsoft.windows.common-controls_6595b64144ccf1df_6.0.18362.900_none_e6beb9d913147d17\COMCTL32.dll
0x00007ffa17a70000 - 0x00007ffa17a8a000 	C:\Program Files\Java\jdk-17.0.3.1\bin\VCRUNTIME140.dll
0x00007ffa235f0000 - 0x00007ffa235fa000 	C:\WINDOWS\SYSTEM32\VERSION.dll
0x00007ffa2ec60000 - 0x00007ffa2ef95000 	C:\WINDOWS\System32\combase.dll
0x00007ffa2d010000 - 0x00007ffa2d090000 	C:\WINDOWS\System32\bcryptPrimitives.dll
0x00007ffa2e1e0000 - 0x00007ffa2e20e000 	C:\WINDOWS\System32\IMM32.DLL
0x00007ffa20660000 - 0x00007ffa2066c000 	C:\Program Files\Java\jdk-17.0.3.1\bin\vcruntime140_1.dll
0x00007ffa10790000 - 0x00007ffa1081d000 	C:\Program Files\Java\jdk-17.0.3.1\bin\msvcp140.dll
0x00007ffa02930000 - 0x00007ffa034f0000 	C:\Program Files\Java\jdk-17.0.3.1\bin\server\jvm.dll
0x00007ffa2e1c0000 - 0x00007ffa2e1c8000 	C:\WINDOWS\System32\PSAPI.DLL
0x00007ffa25c50000 - 0x00007ffa25c59000 	C:\WINDOWS\SYSTEM32\WSOCK32.dll
0x00007ffa2e0b0000 - 0x00007ffa2e11f000 	C:\WINDOWS\System32\WS2_32.dll
0x00007ffa23600000 - 0x00007ffa23624000 	C:\WINDOWS\SYSTEM32\WINMM.dll
0x00007ffa23570000 - 0x00007ffa2359d000 	C:\WINDOWS\SYSTEM32\winmmbase.dll
0x00007ffa2c5c0000 - 0x00007ffa2c60a000 	C:\WINDOWS\System32\cfgmgr32.dll
0x00007ffa2bf50000 - 0x00007ffa2bf61000 	C:\WINDOWS\System32\kernel.appcore.dll
0x00007ffa1f9e0000 - 0x00007ffa1f9ea000 	C:\Program Files\Java\jdk-17.0.3.1\bin\jimage.dll
0x00007ffa2a620000 - 0x00007ffa2a814000 	C:\WINDOWS\SYSTEM32\DBGHELP.DLL
0x00007ffa26500000 - 0x00007ffa2652a000 	C:\WINDOWS\SYSTEM32\dbgcore.DLL
0x00007ffa15a60000 - 0x00007ffa15a85000 	C:\Program Files\Java\jdk-17.0.3.1\bin\java.dll
0x00007ffa0aa20000 - 0x00007ffa0aaf6000 	C:\Program Files\Java\jdk-17.0.3.1\bin\jsvml.dll
0x00007ffa2d8f0000 - 0x00007ffa2dfd6000 	C:\WINDOWS\System32\SHELL32.dll
0x00007ffa2d840000 - 0x00007ffa2d8e9000 	C:\WINDOWS\System32\shcore.dll
0x00007ffa2c890000 - 0x00007ffa2d010000 	C:\WINDOWS\System32\windows.storage.dll
0x00007ffa2bf00000 - 0x00007ffa2bf23000 	C:\WINDOWS\System32\profapi.dll
0x00007ffa2beb0000 - 0x00007ffa2befa000 	C:\WINDOWS\System32\powrprof.dll
0x00007ffa2bea0000 - 0x00007ffa2beb0000 	C:\WINDOWS\System32\UMPDC.dll
0x00007ffa2d220000 - 0x00007ffa2d272000 	C:\WINDOWS\System32\shlwapi.dll
0x00007ffa2c870000 - 0x00007ffa2c887000 	C:\WINDOWS\System32\cryptsp.dll
0x00007ffa12700000 - 0x00007ffa12719000 	C:\Program Files\Java\jdk-17.0.3.1\bin\net.dll
0x00007ffa26de0000 - 0x00007ffa26ed0000 	C:\WINDOWS\SYSTEM32\WINHTTP.dll
0x00007ffa2b710000 - 0x00007ffa2b777000 	C:\WINDOWS\system32\mswsock.dll
0x00007ffa11590000 - 0x00007ffa115a6000 	C:\Program Files\Java\jdk-17.0.3.1\bin\nio.dll
0x00007ffa10b80000 - 0x00007ffa10b98000 	C:\Program Files\Java\jdk-17.0.3.1\bin\zip.dll
0x00007ffa1c050000 - 0x00007ffa1c060000 	C:\Program Files\Java\jdk-17.0.3.1\bin\verify.dll
0x00007ffa16480000 - 0x00007ffa164a7000 	C:\Users\User\.gradle\native\e1d6ef7f7dcc3fd88c89a11ec53ec762bb8ba0a96d01ffa2cd45eb1d1d8dd5c5\windows-amd64\native-platform.dll
0x00007ffa04000000 - 0x00007ffa04144000 	C:\Users\User\.gradle\native\0d407fdbe67a94daf76414ababcb853783967236a71b16ec16e742cd7a986fd3\windows-amd64\native-platform-file-events.dll
0x00007ffa1bf80000 - 0x00007ffa1bf89000 	C:\Program Files\Java\jdk-17.0.3.1\bin\management.dll
0x00007ffa1b150000 - 0x00007ffa1b15b000 	C:\Program Files\Java\jdk-17.0.3.1\bin\management_ext.dll
0x00007ffa2b220000 - 0x00007ffa2b253000 	C:\WINDOWS\system32\rsaenh.dll
0x00007ffa2c610000 - 0x00007ffa2c636000 	C:\WINDOWS\System32\bcrypt.dll
0x00007ffa2bd90000 - 0x00007ffa2bdb5000 	C:\WINDOWS\SYSTEM32\USERENV.dll
0x00007ffa2b8e0000 - 0x00007ffa2b8ec000 	C:\WINDOWS\SYSTEM32\CRYPTBASE.dll
0x00007ffa2b3c0000 - 0x00007ffa2b3fa000 	C:\WINDOWS\SYSTEM32\IPHLPAPI.DLL
0x00007ffa2e950000 - 0x00007ffa2e958000 	C:\WINDOWS\System32\NSI.dll
0x00007ffa27620000 - 0x00007ffa27636000 	C:\WINDOWS\SYSTEM32\dhcpcsvc6.DLL
0x00007ffa27600000 - 0x00007ffa2761c000 	C:\WINDOWS\SYSTEM32\dhcpcsvc.DLL
0x00007ffa2b410000 - 0x00007ffa2b4db000 	C:\WINDOWS\SYSTEM32\DNSAPI.dll
0x00007ffa1a790000 - 0x00007ffa1a79e000 	C:\Program Files\Java\jdk-17.0.3.1\bin\sunmscapi.dll
0x00007ffa2bf70000 - 0x00007ffa2c0b9000 	C:\WINDOWS\System32\CRYPT32.dll
0x00007ffa2bf30000 - 0x00007ffa2bf42000 	C:\WINDOWS\System32\MSASN1.dll
0x00007ffa2b9e0000 - 0x00007ffa2ba06000 	C:\WINDOWS\SYSTEM32\ncrypt.dll
0x00007ffa2b9a0000 - 0x00007ffa2b9db000 	C:\WINDOWS\SYSTEM32\NTASN1.dll
0x00007ffa18650000 - 0x00007ffa18657000 	C:\WINDOWS\system32\wshunix.dll

dbghelp: loaded successfully - version: 4.0.5 - missing functions: none
symbol engine: initialized successfully - sym options: 0x614 - pdb path: .;C:\Program Files\Java\jdk-17.0.3.1\bin;C:\WINDOWS\SYSTEM32;C:\WINDOWS\WinSxS\amd64_microsoft.windows.common-controls_6595b64144ccf1df_6.0.18362.900_none_e6beb9d913147d17;C:\Program Files\Java\jdk-17.0.3.1\bin\server;C:\Users\User\.gradle\native\e1d6ef7f7dcc3fd88c89a11ec53ec762bb8ba0a96d01ffa2cd45eb1d1d8dd5c5\windows-amd64;C:\Users\User\.gradle\native\0d407fdbe67a94daf76414ababcb853783967236a71b16ec16e742cd7a986fd3\windows-amd64

VM Arguments:
jvm_args: --add-opens=java.base/java.util=ALL-UNNAMED --add-opens=java.base/java.lang=ALL-UNNAMED --add-opens=java.base/java.lang.invoke=ALL-UNNAMED --add-opens=java.base/java.util=ALL-UNNAMED --add-opens=java.prefs/java.util.prefs=ALL-UNNAMED --add-opens=java.prefs/java.util.prefs=ALL-UNNAMED --add-opens=java.base/java.nio.charset=ALL-UNNAMED --add-opens=java.base/java.net=ALL-UNNAMED --add-opens=java.base/java.util.concurrent.atomic=ALL-UNNAMED -XX:MaxMetaspaceSize=256m -XX:+HeapDumpOnOutOfMemoryError -Xms256m -Xmx512m -Dfile.encoding=windows-1250 -Duser.country=PL -Duser.language=pl -Duser.variant 
java_command: org.gradle.launcher.daemon.bootstrap.GradleDaemon 7.4.1
java_class_path (initial): C:\Users\User\.gradle\wrapper\dists\gradle-7.4.1-bin\58kw26xllvsiedyf3nujyarhn\gradle-7.4.1\lib\gradle-launcher-7.4.1.jar
Launcher Type: SUN_STANDARD

[Global flags]
     intx CICompilerCount                          = 3                                         {product} {ergonomic}
   size_t CompressedClassSpaceSize                 = 218103808                                 {product} {ergonomic}
     uint ConcGCThreads                            = 1                                         {product} {ergonomic}
     uint G1ConcRefinementThreads                  = 4                                         {product} {ergonomic}
   size_t G1HeapRegionSize                         = 1048576                                   {product} {ergonomic}
    uintx GCDrainStackTargetSize                   = 64                                        {product} {ergonomic}
     bool HeapDumpOnOutOfMemoryError               = true                                   {manageable} {command line}
   size_t InitialHeapSize                          = 268435456                                 {product} {command line}
   size_t MarkStackSize                            = 4194304                                   {product} {ergonomic}
   size_t MaxHeapSize                              = 536870912                                 {product} {command line}
   size_t MaxMetaspaceSize                         = 268435456                                 {product} {command line}
   size_t MaxNewSize                               = 321912832                                 {product} {ergonomic}
   size_t MinHeapDeltaBytes                        = 1048576                                   {product} {ergonomic}
   size_t MinHeapSize                              = 268435456                                 {product} {command line}
    uintx NonNMethodCodeHeapSize                   = 5832780                                {pd product} {ergonomic}
    uintx NonProfiledCodeHeapSize                  = 122912730                              {pd product} {ergonomic}
    uintx ProfiledCodeHeapSize                     = 122912730                              {pd product} {ergonomic}
    uintx ReservedCodeCacheSize                    = 251658240                              {pd product} {ergonomic}
     bool SegmentedCodeCache                       = true                                      {product} {ergonomic}
   size_t SoftMaxHeapSize                          = 536870912                              {manageable} {ergonomic}
     bool UseCompressedClassPointers               = true                           {product lp64_product} {ergonomic}
     bool UseCompressedOops                        = true                           {product lp64_product} {ergonomic}
     bool UseG1GC                                  = true                                      {product} {ergonomic}
     bool UseLargePagesIndividualAllocation        = false                                  {pd product} {ergonomic}

Logging:
Log output configuration:
 #0: stdout all=warning uptime,level,tags
 #1: stderr all=off uptime,level,tags

Environment Variables:
PATH=C:\Program Files\Common Files\Oracle\Java\javapath;C:\Program Files (x86)\Common Files\Oracle\Java\javapath;C:\ProgramData\Oracle\Java\javapath;C:\WINDOWS\system32;C:\WINDOWS;C:\WINDOWS\System32\Wbem;C:\WINDOWS\System32\WindowsPowerShell\v1.0\;C:\Program Files\PuTTY\;C:\WINDOWS\System32\OpenSSH\;C:\Program Files (x86)\Brackets\command;D:\Python\Scripts\;D:\Python\;C:\Users\User\AppData\Local\Microsoft\WindowsApps;;C:\Users\User\AppData\Local\Programs\Microsoft VS Code\bin
USERNAME=User
OS=Windows_NT
PROCESSOR_IDENTIFIER=AMD64 Family 16 Model 4 Stepping 3, AuthenticAMD



---------------  S Y S T E M  ---------------

OS:
 Windows 10 , 64 bit Build 18362 (10.0.18362.900)
OS uptime: 11 days 12:47 hours

CPU: total 4 (initial active 4) (4 cores per cpu, 1 threads per core) family 16 model 4 stepping 3 microcode 0x0, cx8, cmov, fxsr, mmx, 3dnowpref, sse, sse2, sse3, sse4a, popcnt, lzcnt, tsc, tscinvbit, clflush

Memory: 4k page, system-wide physical 4094M (256M free)
TotalPageFile size 11114M (AvailPageFile size 8M)
current process WorkingSet (physical memory assigned to process): 278M, peak: 278M
current process commit charge ("private bytes"): 427M, peak: 428M

vm_info: Java HotSpot(TM) 64-Bit Server VM (17.0.3.1+2-LTS-6) for windows-amd64 JRE (17.0.3.1+2-LTS-6), built on Apr 25 2022 22:04:21 by "mach5one" with MS VC++ 16.8 / 16.9 (VS2019)

END.
