#
# There is insufficient memory for the Java Runtime Environment to continue.
# Native memory allocation (malloc) failed to allocate 1080832 bytes for Chunk::new
# Possible reasons:
#   The system is out of physical RAM or swap space
#   The process is running with CompressedOops enabled, and the Java Heap may be blocking the growth of the native heap
# Possible solutions:
#   Reduce memory load on the system
#   Increase physical memory or swap space
#   Check if swap backing store is full
#   Decrease Java heap size (-Xmx/-Xms)
#   Decrease number of Java threads
#   Decrease Java thread stack sizes (-Xss)
#   Set larger code cache with -XX:ReservedCodeCacheSize=
#   JVM is running with Unscaled Compressed Oops mode in which the Java heap is
#     placed in the first 4GB address space. The Java Heap base address is the
#     maximum limit for the native heap growth. Please use -XX:HeapBaseMinAddress
#     to set the Java Heap base and to place the Java Heap above 4GB virtual address.
# This output file may be truncated or incomplete.
#
#  Out of Memory Error (arena.cpp:189), pid=11248, tid=11456
#
# JRE version: Java(TM) SE Runtime Environment (17.0.3.1+2) (build 17.0.3.1+2-LTS-6)
# Java VM: Java HotSpot(TM) 64-Bit Server VM (17.0.3.1+2-LTS-6, mixed mode, sharing, tiered, compressed oops, compressed class ptrs, g1 gc, windows-amd64)
# No core dump will be written. Minidumps are not enabled by default on client versions of Windows
#

---------------  S U M M A R Y ------------

Command Line: --add-opens=java.base/java.util=ALL-UNNAMED --add-opens=java.base/java.lang=ALL-UNNAMED --add-opens=java.base/java.lang.invoke=ALL-UNNAMED --add-opens=java.base/java.util=ALL-UNNAMED --add-opens=java.prefs/java.util.prefs=ALL-UNNAMED --add-opens=java.prefs/java.util.prefs=ALL-UNNAMED --add-opens=java.base/java.nio.charset=ALL-UNNAMED --add-opens=java.base/java.net=ALL-UNNAMED --add-opens=java.base/java.util.concurrent.atomic=ALL-UNNAMED -XX:MaxMetaspaceSize=256m -XX:+HeapDumpOnOutOfMemoryError -Xms256m -Xmx512m -Dfile.encoding=windows-1250 -Duser.country=PL -Duser.language=pl -Duser.variant org.gradle.launcher.daemon.bootstrap.GradleDaemon 7.4.1

Host: AMD Phenom(tm) II X4 945 Processor, 4 cores, 3G,  Windows 10 , 64 bit Build 18362 (10.0.18362.900)
Time: Tue May 10 15:00:03 2022 Œrodkowoeuropejski czas letni elapsed time: 27.030041 seconds (0d 0h 0m 27s)

---------------  T H R E A D  ---------------

Current thread (0x00000198652afd00):  JavaThread "C2 CompilerThread0" daemon [_thread_in_native, id=11456, stack(0x00000024ecf00000,0x00000024ed000000)]


Current CompileTask:
C2:  27030 3984       4       org.objectweb.asm.Frame::execute (2318 bytes)

Stack: [0x00000024ecf00000,0x00000024ed000000]
Native frames: (J=compiled Java code, j=interpreted, Vv=VM code, C=native code)
V  [jvm.dll+0x6711ba]
V  [jvm.dll+0x7d0834]
V  [jvm.dll+0x7d1fde]
V  [jvm.dll+0x7d2643]
V  [jvm.dll+0x242c85]
V  [jvm.dll+0xaa57b]
V  [jvm.dll+0xaab0c]
V  [jvm.dll+0x35ff77]
V  [jvm.dll+0x1b9ca8]
V  [jvm.dll+0x215eb9]
V  [jvm.dll+0x215181]
V  [jvm.dll+0x1a1c3d]
V  [jvm.dll+0x2249c8]
V  [jvm.dll+0x222b2c]
V  [jvm.dll+0x78650b]
V  [jvm.dll+0x780aca]
V  [jvm.dll+0x670045]
C  [ucrtbase.dll+0x20e82]
C  [KERNEL32.DLL+0x17bd4]
C  [ntdll.dll+0x6ce51]


---------------  P R O C E S S  ---------------

Threads class SMR info:
_java_thread_list=0x0000019868209480, length=39, elements={
0x000001984b2525c0, 0x0000019865285200, 0x0000019865286070, 0x00000198652a0480,
0x00000198652a1030, 0x00000198652a2af0, 0x00000198652a34a0, 0x00000198652afd00,
0x00000198652b2bb0, 0x0000019865d30040, 0x0000019865df0fe0, 0x0000019865df36e0,
0x0000019866e2db90, 0x00000198673985f0, 0x0000019867502430, 0x0000019866c95060,
0x000001986691d320, 0x00000198661ad020, 0x00000198661af1d0, 0x00000198661ac680,
0x00000198661af6a0, 0x00000198661ac1b0, 0x00000198661acb50, 0x00000198661ae360,
0x00000198661ad4f0, 0x00000198661abce0, 0x00000198661ae830, 0x00000198661ade90,
0x00000198661aed00, 0x000001986692ef50, 0x00000198669280a0, 0x000001986692c8d0,
0x000001986692cda0, 0x000001986692c400, 0x0000019866928570, 0x0000019866928f10,
0x00000198669298b0, 0x000001986692e0e0, 0x000001986692ea80
}

Java Threads: ( => current thread )
  0x000001984b2525c0 JavaThread "main" [_thread_blocked, id=12800, stack(0x00000024ec200000,0x00000024ec300000)]
  0x0000019865285200 JavaThread "Reference Handler" daemon [_thread_blocked, id=9956, stack(0x00000024ec900000,0x00000024eca00000)]
  0x0000019865286070 JavaThread "Finalizer" daemon [_thread_blocked, id=7084, stack(0x00000024eca00000,0x00000024ecb00000)]
  0x00000198652a0480 JavaThread "Signal Dispatcher" daemon [_thread_blocked, id=4812, stack(0x00000024ecb00000,0x00000024ecc00000)]
  0x00000198652a1030 JavaThread "Attach Listener" daemon [_thread_blocked, id=288, stack(0x00000024ecc00000,0x00000024ecd00000)]
  0x00000198652a2af0 JavaThread "Service Thread" daemon [_thread_blocked, id=1240, stack(0x00000024ecd00000,0x00000024ece00000)]
  0x00000198652a34a0 JavaThread "Monitor Deflation Thread" daemon [_thread_blocked, id=5796, stack(0x00000024ece00000,0x00000024ecf00000)]
=>0x00000198652afd00 JavaThread "C2 CompilerThread0" daemon [_thread_in_native, id=11456, stack(0x00000024ecf00000,0x00000024ed000000)]
  0x00000198652b2bb0 JavaThread "C1 CompilerThread0" daemon [_thread_in_native, id=13384, stack(0x00000024ed000000,0x00000024ed100000)]
  0x0000019865d30040 JavaThread "Sweeper thread" daemon [_thread_blocked, id=2464, stack(0x00000024ed100000,0x00000024ed200000)]
  0x0000019865df0fe0 JavaThread "Common-Cleaner" daemon [_thread_blocked, id=14252, stack(0x00000024ed200000,0x00000024ed300000)]
  0x0000019865df36e0 JavaThread "Notification Thread" daemon [_thread_blocked, id=3364, stack(0x00000024ed300000,0x00000024ed400000)]
  0x0000019866e2db90 JavaThread "Daemon health stats" [_thread_blocked, id=11836, stack(0x00000024ed800000,0x00000024ed900000)]
  0x00000198673985f0 JavaThread "Incoming local TCP Connector on port 58031" [_thread_in_native, id=14204, stack(0x00000024ed900000,0x00000024eda00000)]
  0x0000019867502430 JavaThread "Daemon periodic checks" [_thread_blocked, id=10068, stack(0x00000024eda00000,0x00000024edb00000)]
  0x0000019866c95060 JavaThread "Daemon" [_thread_blocked, id=12468, stack(0x00000024edb00000,0x00000024edc00000)]
  0x000001986691d320 JavaThread "Handler for socket connection from /127.0.0.1:58031 to /127.0.0.1:58034" [_thread_in_native, id=1692, stack(0x00000024edc00000,0x00000024edd00000)]
  0x00000198661ad020 JavaThread "Cancel handler" [_thread_blocked, id=13980, stack(0x00000024edd00000,0x00000024ede00000)]
  0x00000198661af1d0 JavaThread "Daemon worker" [_thread_in_vm, id=4724, stack(0x00000024ede00000,0x00000024edf00000)]
  0x00000198661ac680 JavaThread "Asynchronous log dispatcher for DefaultDaemonConnection: socket connection from /127.0.0.1:58031 to /127.0.0.1:58034" [_thread_blocked, id=12504, stack(0x00000024edf00000,0x00000024ee000000)]
  0x00000198661af6a0 JavaThread "Stdin handler" [_thread_blocked, id=1676, stack(0x00000024ee000000,0x00000024ee100000)]
  0x00000198661ac1b0 JavaThread "Daemon client event forwarder" [_thread_blocked, id=7616, stack(0x00000024ee100000,0x00000024ee200000)]
  0x00000198661acb50 JavaThread "Cache worker for journal cache (C:\Users\User\.gradle\caches\journal-1)" [_thread_blocked, id=1300, stack(0x00000024ee200000,0x00000024ee300000)]
  0x00000198661ae360 JavaThread "File lock request listener" [_thread_in_native, id=4240, stack(0x00000024ee300000,0x00000024ee400000)]
  0x00000198661ad4f0 JavaThread "Cache worker for file hash cache (C:\Users\User\.gradle\caches\7.4.1\fileHashes)" [_thread_blocked, id=5532, stack(0x00000024ee400000,0x00000024ee500000)]
  0x00000198661abce0 JavaThread "File lock release action executor" [_thread_blocked, id=3408, stack(0x00000024ee500000,0x00000024ee600000)]
  0x00000198661ae830 JavaThread "File watcher server" daemon [_thread_in_native, id=4064, stack(0x00000024ee600000,0x00000024ee700000)]
  0x00000198661ade90 JavaThread "File watcher consumer" daemon [_thread_blocked, id=3472, stack(0x00000024ee700000,0x00000024ee800000)]
  0x00000198661aed00 JavaThread "Cache worker for checksums cache (C:\Users\User\Downloads\invoice-collector\invoice-collector\.gradle\7.4.1\checksums)" [_thread_blocked, id=10824, stack(0x00000024ee800000,0x00000024ee900000)]
  0x000001986692ef50 JavaThread "Cache worker for cache directory md-rule (C:\Users\User\.gradle\caches\7.4.1\md-rule)" [_thread_blocked, id=7224, stack(0x00000024ee900000,0x00000024eea00000)]
  0x00000198669280a0 JavaThread "Cache worker for file hash cache (C:\Users\User\Downloads\invoice-collector\invoice-collector\.gradle\7.4.1\fileHashes)" [_thread_blocked, id=10820, stack(0x00000024eea00000,0x00000024eeb00000)]
  0x000001986692c8d0 JavaThread "Cache worker for cache directory md-supplier (C:\Users\User\.gradle\caches\7.4.1\md-supplier)" [_thread_blocked, id=10872, stack(0x00000024eeb00000,0x00000024eec00000)]
  0x000001986692cda0 JavaThread "Cache worker for execution history cache (C:\Users\User\.gradle\caches\7.4.1\executionHistory)" [_thread_blocked, id=5992, stack(0x00000024eec00000,0x00000024eed00000)]
  0x000001986692c400 JavaThread "jar transforms" [_thread_blocked, id=9004, stack(0x00000024eed00000,0x00000024eee00000)]
  0x0000019866928570 JavaThread "jar transforms Thread 2" [_thread_blocked, id=11908, stack(0x00000024eee00000,0x00000024eef00000)]
  0x0000019866928f10 JavaThread "Cache worker for file content cache (C:\Users\User\.gradle\caches\7.4.1\fileContent)" [_thread_blocked, id=12012, stack(0x00000024eef00000,0x00000024ef000000)]
  0x00000198669298b0 JavaThread "jar transforms Thread 3" [_thread_blocked, id=10280, stack(0x00000024ef000000,0x00000024ef100000)]
  0x000001986692e0e0 JavaThread "jar transforms Thread 4" [_thread_blocked, id=7216, stack(0x00000024ef100000,0x00000024ef200000)]
  0x000001986692ea80 JavaThread "Cache worker for dependencies-accessors (C:\Users\User\Downloads\invoice-collector\invoice-collector\.gradle\7.4.1\dependencies-accessors)" [_thread_blocked, id=4612, stack(0x00000024ef200000,0x00000024ef300000)]

Other Threads:
  0x000001986527b1f0 VMThread "VM Thread" [stack: 0x00000024ec800000,0x00000024ec900000] [id=1280]
  0x0000019865df5bc0 WatcherThread [stack: 0x00000024ed400000,0x00000024ed500000] [id=5208]
  0x000001984b280310 GCTaskThread "GC Thread#0" [stack: 0x00000024ec300000,0x00000024ec400000] [id=11844]
  0x000001986622c430 GCTaskThread "GC Thread#1" [stack: 0x00000024ed500000,0x00000024ed600000] [id=1724]
  0x0000019866633b00 GCTaskThread "GC Thread#2" [stack: 0x00000024ed600000,0x00000024ed700000] [id=13488]
  0x00000198661b5730 GCTaskThread "GC Thread#3" [stack: 0x00000024ed700000,0x00000024ed800000] [id=14124]
  0x000001984b285250 ConcurrentGCThread "G1 Main Marker" [stack: 0x00000024ec400000,0x00000024ec500000] [id=13592]
  0x000001984b285c60 ConcurrentGCThread "G1 Conc#0" [stack: 0x00000024ec500000,0x00000024ec600000] [id=12948]
  0x000001984b31d840 ConcurrentGCThread "G1 Refine#0" [stack: 0x00000024ec600000,0x00000024ec700000] [id=4256]
  0x000001984b31e260 ConcurrentGCThread "G1 Service" [stack: 0x00000024ec700000,0x00000024ec800000] [id=10748]

Threads with active compile tasks:
C2 CompilerThread0    27065 3984       4       org.objectweb.asm.Frame::execute (2318 bytes)

VM state: not at safepoint (normal execution)

VM Mutex/Monitor currently owned by a thread: None

Heap address: 0x00000000e0000000, size: 512 MB, Compressed Oops mode: 32-bit

CDS archive(s) mapped at: [0x0000000800000000-0x0000000800bc0000-0x0000000800bc0000), size 12320768, SharedBaseAddress: 0x0000000800000000, ArchiveRelocationMode: 0.
Compressed class space mapped at: 0x0000000800c00000-0x000000080dc00000, reserved size: 218103808
Narrow klass base: 0x0000000800000000, Narrow klass shift: 0, Narrow klass range: 0x100000000

GC Precious Log:
 CPUs: 4 total, 4 available
 Memory: 4094M
 Large Page Support: Disabled
 NUMA Support: Disabled
 Compressed Oops: Enabled (32-bit)
 Heap Region Size: 1M
 Heap Min Capacity: 256M
 Heap Initial Capacity: 256M
 Heap Max Capacity: 512M
 Pre-touch: Disabled
 Parallel Workers: 4
 Concurrent Workers: 1
 Concurrent Refinement Workers: 4
 Periodic GC: Disabled

Heap:
 garbage-first heap   total 262144K, used 112834K [0x00000000e0000000, 0x0000000100000000)
  region size 1024K, 99 young (101376K), 11 survivors (11264K)
 Metaspace       used 34575K, committed 34944K, reserved 245760K
  class space    used 4704K, committed 4864K, reserved 212992K

Heap Regions: E=young(eden), S=young(survivor), O=old, HS=humongous(starts), HC=humongous(continues), CS=collection set, F=free, OA=open archive, CA=closed archive, TAMS=top-at-mark-start (previous, next)
|   0|0x00000000e0000000, 0x00000000e0100000, 0x00000000e0100000|100%|HS|  |TAMS 0x00000000e0100000, 0x00000000e0000000| Complete 
|   1|0x00000000e0100000, 0x00000000e0200000, 0x00000000e0200000|100%|HC|  |TAMS 0x00000000e0200000, 0x00000000e0100000| Complete 
|   2|0x00000000e0200000, 0x00000000e0300000, 0x00000000e0300000|100%|HC|  |TAMS 0x00000000e0300000, 0x00000000e0200000| Complete 
|   3|0x00000000e0300000, 0x00000000e0400000, 0x00000000e0400000|100%| O|  |TAMS 0x00000000e0400000, 0x00000000e0300000| Untracked 
|   4|0x00000000e0400000, 0x00000000e0500000, 0x00000000e0500000|100%| O|  |TAMS 0x00000000e0500000, 0x00000000e0400000| Complete 
|   5|0x00000000e0500000, 0x00000000e0600000, 0x00000000e0600000|100%| O|  |TAMS 0x00000000e0600000, 0x00000000e0500000| Untracked 
|   6|0x00000000e0600000, 0x00000000e0700000, 0x00000000e0700000|100%| O|  |TAMS 0x00000000e0700000, 0x00000000e0600000| Untracked 
|   7|0x00000000e0700000, 0x00000000e0800000, 0x00000000e0800000|100%|HS|  |TAMS 0x00000000e0700000, 0x00000000e0700000| Complete 
|   8|0x00000000e0800000, 0x00000000e0900000, 0x00000000e0900000|100%| O|  |TAMS 0x00000000e0900000, 0x00000000e0800000| Untracked 
|   9|0x00000000e0900000, 0x00000000e0a00000, 0x00000000e0a00000|100%| O|  |TAMS 0x00000000e0a00000, 0x00000000e0900000| Untracked 
|  10|0x00000000e0a00000, 0x00000000e0a35e00, 0x00000000e0b00000| 21%| O|  |TAMS 0x00000000e0a35e00, 0x00000000e0a00000| Untracked 
|  11|0x00000000e0b00000, 0x00000000e0c00000, 0x00000000e0c00000|100%|HS|  |TAMS 0x00000000e0b00000, 0x00000000e0b00000| Complete 
|  12|0x00000000e0c00000, 0x00000000e0d00000, 0x00000000e0d00000|100%|HC|  |TAMS 0x00000000e0c00000, 0x00000000e0c00000| Complete 
|  13|0x00000000e0d00000, 0x00000000e0e00000, 0x00000000e0e00000|100%|HS|  |TAMS 0x00000000e0d00000, 0x00000000e0d00000| Complete 
|  14|0x00000000e0e00000, 0x00000000e0e00000, 0x00000000e0f00000|  0%| F|  |TAMS 0x00000000e0e00000, 0x00000000e0e00000| Untracked 
|  15|0x00000000e0f00000, 0x00000000e0f00000, 0x00000000e1000000|  0%| F|  |TAMS 0x00000000e0f00000, 0x00000000e0f00000| Untracked 
|  16|0x00000000e1000000, 0x00000000e1000000, 0x00000000e1100000|  0%| F|  |TAMS 0x00000000e1000000, 0x00000000e1000000| Untracked 
|  17|0x00000000e1100000, 0x00000000e1100000, 0x00000000e1200000|  0%| F|  |TAMS 0x00000000e1100000, 0x00000000e1100000| Untracked 
|  18|0x00000000e1200000, 0x00000000e1200000, 0x00000000e1300000|  0%| F|  |TAMS 0x00000000e1200000, 0x00000000e1200000| Untracked 
|  19|0x00000000e1300000, 0x00000000e1300000, 0x00000000e1400000|  0%| F|  |TAMS 0x00000000e1300000, 0x00000000e1300000| Untracked 
|  20|0x00000000e1400000, 0x00000000e1400000, 0x00000000e1500000|  0%| F|  |TAMS 0x00000000e1400000, 0x00000000e1400000| Untracked 
|  21|0x00000000e1500000, 0x00000000e1500000, 0x00000000e1600000|  0%| F|  |TAMS 0x00000000e1500000, 0x00000000e1500000| Untracked 
|  22|0x00000000e1600000, 0x00000000e1600000, 0x00000000e1700000|  0%| F|  |TAMS 0x00000000e1600000, 0x00000000e1600000| Untracked 
|  23|0x00000000e1700000, 0x00000000e1700000, 0x00000000e1800000|  0%| F|  |TAMS 0x00000000e1700000, 0x00000000e1700000| Untracked 
|  24|0x00000000e1800000, 0x00000000e1800000, 0x00000000e1900000|  0%| F|  |TAMS 0x00000000e1800000, 0x00000000e1800000| Untracked 
|  25|0x00000000e1900000, 0x00000000e1900000, 0x00000000e1a00000|  0%| F|  |TAMS 0x00000000e1900000, 0x00000000e1900000| Untracked 
|  26|0x00000000e1a00000, 0x00000000e1a00000, 0x00000000e1b00000|  0%| F|  |TAMS 0x00000000e1a00000, 0x00000000e1a00000| Untracked 
|  27|0x00000000e1b00000, 0x00000000e1b00000, 0x00000000e1c00000|  0%| F|  |TAMS 0x00000000e1b00000, 0x00000000e1b00000| Untracked 
|  28|0x00000000e1c00000, 0x00000000e1c00000, 0x00000000e1d00000|  0%| F|  |TAMS 0x00000000e1c00000, 0x00000000e1c00000| Untracked 
|  29|0x00000000e1d00000, 0x00000000e1d00000, 0x00000000e1e00000|  0%| F|  |TAMS 0x00000000e1d00000, 0x00000000e1d00000| Untracked 
|  30|0x00000000e1e00000, 0x00000000e1e00000, 0x00000000e1f00000|  0%| F|  |TAMS 0x00000000e1e00000, 0x00000000e1e00000| Untracked 
|  31|0x00000000e1f00000, 0x00000000e1f00000, 0x00000000e2000000|  0%| F|  |TAMS 0x00000000e1f00000, 0x00000000e1f00000| Untracked 
|  32|0x00000000e2000000, 0x00000000e2000000, 0x00000000e2100000|  0%| F|  |TAMS 0x00000000e2000000, 0x00000000e2000000| Untracked 
|  33|0x00000000e2100000, 0x00000000e2100000, 0x00000000e2200000|  0%| F|  |TAMS 0x00000000e2100000, 0x00000000e2100000| Untracked 
|  34|0x00000000e2200000, 0x00000000e2200000, 0x00000000e2300000|  0%| F|  |TAMS 0x00000000e2200000, 0x00000000e2200000| Untracked 
|  35|0x00000000e2300000, 0x00000000e2300000, 0x00000000e2400000|  0%| F|  |TAMS 0x00000000e2300000, 0x00000000e2300000| Untracked 
|  36|0x00000000e2400000, 0x00000000e2400000, 0x00000000e2500000|  0%| F|  |TAMS 0x00000000e2400000, 0x00000000e2400000| Untracked 
|  37|0x00000000e2500000, 0x00000000e2500000, 0x00000000e2600000|  0%| F|  |TAMS 0x00000000e2500000, 0x00000000e2500000| Untracked 
|  38|0x00000000e2600000, 0x00000000e2600000, 0x00000000e2700000|  0%| F|  |TAMS 0x00000000e2600000, 0x00000000e2600000| Untracked 
|  39|0x00000000e2700000, 0x00000000e2700000, 0x00000000e2800000|  0%| F|  |TAMS 0x00000000e2700000, 0x00000000e2700000| Untracked 
|  40|0x00000000e2800000, 0x00000000e2800000, 0x00000000e2900000|  0%| F|  |TAMS 0x00000000e2800000, 0x00000000e2800000| Untracked 
|  41|0x00000000e2900000, 0x00000000e2900000, 0x00000000e2a00000|  0%| F|  |TAMS 0x00000000e2900000, 0x00000000e2900000| Untracked 
|  42|0x00000000e2a00000, 0x00000000e2a00000, 0x00000000e2b00000|  0%| F|  |TAMS 0x00000000e2a00000, 0x00000000e2a00000| Untracked 
|  43|0x00000000e2b00000, 0x00000000e2b00000, 0x00000000e2c00000|  0%| F|  |TAMS 0x00000000e2b00000, 0x00000000e2b00000| Untracked 
|  44|0x00000000e2c00000, 0x00000000e2c00000, 0x00000000e2d00000|  0%| F|  |TAMS 0x00000000e2c00000, 0x00000000e2c00000| Untracked 
|  45|0x00000000e2d00000, 0x00000000e2d00000, 0x00000000e2e00000|  0%| F|  |TAMS 0x00000000e2d00000, 0x00000000e2d00000| Untracked 
|  46|0x00000000e2e00000, 0x00000000e2e00000, 0x00000000e2f00000|  0%| F|  |TAMS 0x00000000e2e00000, 0x00000000e2e00000| Untracked 
|  47|0x00000000e2f00000, 0x00000000e2f00000, 0x00000000e3000000|  0%| F|  |TAMS 0x00000000e2f00000, 0x00000000e2f00000| Untracked 
|  48|0x00000000e3000000, 0x00000000e3000000, 0x00000000e3100000|  0%| F|  |TAMS 0x00000000e3000000, 0x00000000e3000000| Untracked 
|  49|0x00000000e3100000, 0x00000000e3100000, 0x00000000e3200000|  0%| F|  |TAMS 0x00000000e3100000, 0x00000000e3100000| Untracked 
|  50|0x00000000e3200000, 0x00000000e3200000, 0x00000000e3300000|  0%| F|  |TAMS 0x00000000e3200000, 0x00000000e3200000| Untracked 
|  51|0x00000000e3300000, 0x00000000e3300000, 0x00000000e3400000|  0%| F|  |TAMS 0x00000000e3300000, 0x00000000e3300000| Untracked 
|  52|0x00000000e3400000, 0x00000000e3400000, 0x00000000e3500000|  0%| F|  |TAMS 0x00000000e3400000, 0x00000000e3400000| Untracked 
|  53|0x00000000e3500000, 0x00000000e3500000, 0x00000000e3600000|  0%| F|  |TAMS 0x00000000e3500000, 0x00000000e3500000| Untracked 
|  54|0x00000000e3600000, 0x00000000e3600000, 0x00000000e3700000|  0%| F|  |TAMS 0x00000000e3600000, 0x00000000e3600000| Untracked 
|  55|0x00000000e3700000, 0x00000000e3700000, 0x00000000e3800000|  0%| F|  |TAMS 0x00000000e3700000, 0x00000000e3700000| Untracked 
|  56|0x00000000e3800000, 0x00000000e3800000, 0x00000000e3900000|  0%| F|  |TAMS 0x00000000e3800000, 0x00000000e3800000| Untracked 
|  57|0x00000000e3900000, 0x00000000e3900000, 0x00000000e3a00000|  0%| F|  |TAMS 0x00000000e3900000, 0x00000000e3900000| Untracked 
|  58|0x00000000e3a00000, 0x00000000e3a00000, 0x00000000e3b00000|  0%| F|  |TAMS 0x00000000e3a00000, 0x00000000e3a00000| Untracked 
|  59|0x00000000e3b00000, 0x00000000e3b00000, 0x00000000e3c00000|  0%| F|  |TAMS 0x00000000e3b00000, 0x00000000e3b00000| Untracked 
|  60|0x00000000e3c00000, 0x00000000e3c00000, 0x00000000e3d00000|  0%| F|  |TAMS 0x00000000e3c00000, 0x00000000e3c00000| Untracked 
|  61|0x00000000e3d00000, 0x00000000e3d00000, 0x00000000e3e00000|  0%| F|  |TAMS 0x00000000e3d00000, 0x00000000e3d00000| Untracked 
|  62|0x00000000e3e00000, 0x00000000e3e00000, 0x00000000e3f00000|  0%| F|  |TAMS 0x00000000e3e00000, 0x00000000e3e00000| Untracked 
|  63|0x00000000e3f00000, 0x00000000e3f00000, 0x00000000e4000000|  0%| F|  |TAMS 0x00000000e3f00000, 0x00000000e3f00000| Untracked 
|  64|0x00000000e4000000, 0x00000000e4000000, 0x00000000e4100000|  0%| F|  |TAMS 0x00000000e4000000, 0x00000000e4000000| Untracked 
|  65|0x00000000e4100000, 0x00000000e4100000, 0x00000000e4200000|  0%| F|  |TAMS 0x00000000e4100000, 0x00000000e4100000| Untracked 
|  66|0x00000000e4200000, 0x00000000e4200000, 0x00000000e4300000|  0%| F|  |TAMS 0x00000000e4200000, 0x00000000e4200000| Untracked 
|  67|0x00000000e4300000, 0x00000000e4300000, 0x00000000e4400000|  0%| F|  |TAMS 0x00000000e4300000, 0x00000000e4300000| Untracked 
|  68|0x00000000e4400000, 0x00000000e4400000, 0x00000000e4500000|  0%| F|  |TAMS 0x00000000e4400000, 0x00000000e4400000| Untracked 
|  69|0x00000000e4500000, 0x00000000e4500000, 0x00000000e4600000|  0%| F|  |TAMS 0x00000000e4500000, 0x00000000e4500000| Untracked 
|  70|0x00000000e4600000, 0x00000000e4600000, 0x00000000e4700000|  0%| F|  |TAMS 0x00000000e4600000, 0x00000000e4600000| Untracked 
|  71|0x00000000e4700000, 0x00000000e4700000, 0x00000000e4800000|  0%| F|  |TAMS 0x00000000e4700000, 0x00000000e4700000| Untracked 
|  72|0x00000000e4800000, 0x00000000e4800000, 0x00000000e4900000|  0%| F|  |TAMS 0x00000000e4800000, 0x00000000e4800000| Untracked 
|  73|0x00000000e4900000, 0x00000000e4900000, 0x00000000e4a00000|  0%| F|  |TAMS 0x00000000e4900000, 0x00000000e4900000| Untracked 
|  74|0x00000000e4a00000, 0x00000000e4a00000, 0x00000000e4b00000|  0%| F|  |TAMS 0x00000000e4a00000, 0x00000000e4a00000| Untracked 
|  75|0x00000000e4b00000, 0x00000000e4b00000, 0x00000000e4c00000|  0%| F|  |TAMS 0x00000000e4b00000, 0x00000000e4b00000| Untracked 
|  76|0x00000000e4c00000, 0x00000000e4c00000, 0x00000000e4d00000|  0%| F|  |TAMS 0x00000000e4c00000, 0x00000000e4c00000| Untracked 
|  77|0x00000000e4d00000, 0x00000000e4d00000, 0x00000000e4e00000|  0%| F|  |TAMS 0x00000000e4d00000, 0x00000000e4d00000| Untracked 
|  78|0x00000000e4e00000, 0x00000000e4e00000, 0x00000000e4f00000|  0%| F|  |TAMS 0x00000000e4e00000, 0x00000000e4e00000| Untracked 
|  79|0x00000000e4f00000, 0x00000000e4f00000, 0x00000000e5000000|  0%| F|  |TAMS 0x00000000e4f00000, 0x00000000e4f00000| Untracked 
|  80|0x00000000e5000000, 0x00000000e5000000, 0x00000000e5100000|  0%| F|  |TAMS 0x00000000e5000000, 0x00000000e5000000| Untracked 
|  81|0x00000000e5100000, 0x00000000e5100000, 0x00000000e5200000|  0%| F|  |TAMS 0x00000000e5100000, 0x00000000e5100000| Untracked 
|  82|0x00000000e5200000, 0x00000000e5200000, 0x00000000e5300000|  0%| F|  |TAMS 0x00000000e5200000, 0x00000000e5200000| Untracked 
|  83|0x00000000e5300000, 0x00000000e5300000, 0x00000000e5400000|  0%| F|  |TAMS 0x00000000e5300000, 0x00000000e5300000| Untracked 
|  84|0x00000000e5400000, 0x00000000e5400000, 0x00000000e5500000|  0%| F|  |TAMS 0x00000000e5400000, 0x00000000e5400000| Untracked 
|  85|0x00000000e5500000, 0x00000000e5500000, 0x00000000e5600000|  0%| F|  |TAMS 0x00000000e5500000, 0x00000000e5500000| Untracked 
|  86|0x00000000e5600000, 0x00000000e5600000, 0x00000000e5700000|  0%| F|  |TAMS 0x00000000e5600000, 0x00000000e5600000| Untracked 
|  87|0x00000000e5700000, 0x00000000e5700000, 0x00000000e5800000|  0%| F|  |TAMS 0x00000000e5700000, 0x00000000e5700000| Untracked 
|  88|0x00000000e5800000, 0x00000000e5800000, 0x00000000e5900000|  0%| F|  |TAMS 0x00000000e5800000, 0x00000000e5800000| Untracked 
|  89|0x00000000e5900000, 0x00000000e5900000, 0x00000000e5a00000|  0%| F|  |TAMS 0x00000000e5900000, 0x00000000e5900000| Untracked 
|  90|0x00000000e5a00000, 0x00000000e5a00000, 0x00000000e5b00000|  0%| F|  |TAMS 0x00000000e5a00000, 0x00000000e5a00000| Untracked 
|  91|0x00000000e5b00000, 0x00000000e5b00000, 0x00000000e5c00000|  0%| F|  |TAMS 0x00000000e5b00000, 0x00000000e5b00000| Untracked 
|  92|0x00000000e5c00000, 0x00000000e5c00000, 0x00000000e5d00000|  0%| F|  |TAMS 0x00000000e5c00000, 0x00000000e5c00000| Untracked 
|  93|0x00000000e5d00000, 0x00000000e5d00000, 0x00000000e5e00000|  0%| F|  |TAMS 0x00000000e5d00000, 0x00000000e5d00000| Untracked 
|  94|0x00000000e5e00000, 0x00000000e5e00000, 0x00000000e5f00000|  0%| F|  |TAMS 0x00000000e5e00000, 0x00000000e5e00000| Untracked 
|  95|0x00000000e5f00000, 0x00000000e5f00000, 0x00000000e6000000|  0%| F|  |TAMS 0x00000000e5f00000, 0x00000000e5f00000| Untracked 
|  96|0x00000000e6000000, 0x00000000e6000000, 0x00000000e6100000|  0%| F|  |TAMS 0x00000000e6000000, 0x00000000e6000000| Untracked 
|  97|0x00000000e6100000, 0x00000000e6100000, 0x00000000e6200000|  0%| F|  |TAMS 0x00000000e6100000, 0x00000000e6100000| Untracked 
|  98|0x00000000e6200000, 0x00000000e6200000, 0x00000000e6300000|  0%| F|  |TAMS 0x00000000e6200000, 0x00000000e6200000| Untracked 
|  99|0x00000000e6300000, 0x00000000e6300000, 0x00000000e6400000|  0%| F|  |TAMS 0x00000000e6300000, 0x00000000e6300000| Untracked 
| 100|0x00000000e6400000, 0x00000000e6400000, 0x00000000e6500000|  0%| F|  |TAMS 0x00000000e6400000, 0x00000000e6400000| Untracked 
| 101|0x00000000e6500000, 0x00000000e6500000, 0x00000000e6600000|  0%| F|  |TAMS 0x00000000e6500000, 0x00000000e6500000| Untracked 
| 102|0x00000000e6600000, 0x00000000e6600000, 0x00000000e6700000|  0%| F|  |TAMS 0x00000000e6600000, 0x00000000e6600000| Untracked 
| 103|0x00000000e6700000, 0x00000000e6700000, 0x00000000e6800000|  0%| F|  |TAMS 0x00000000e6700000, 0x00000000e6700000| Untracked 
| 104|0x00000000e6800000, 0x00000000e6800000, 0x00000000e6900000|  0%| F|  |TAMS 0x00000000e6800000, 0x00000000e6800000| Untracked 
| 105|0x00000000e6900000, 0x00000000e6900000, 0x00000000e6a00000|  0%| F|  |TAMS 0x00000000e6900000, 0x00000000e6900000| Untracked 
| 106|0x00000000e6a00000, 0x00000000e6a00000, 0x00000000e6b00000|  0%| F|  |TAMS 0x00000000e6a00000, 0x00000000e6a00000| Untracked 
| 107|0x00000000e6b00000, 0x00000000e6b00000, 0x00000000e6c00000|  0%| F|  |TAMS 0x00000000e6b00000, 0x00000000e6b00000| Untracked 
| 108|0x00000000e6c00000, 0x00000000e6c00000, 0x00000000e6d00000|  0%| F|  |TAMS 0x00000000e6c00000, 0x00000000e6c00000| Untracked 
| 109|0x00000000e6d00000, 0x00000000e6d00000, 0x00000000e6e00000|  0%| F|  |TAMS 0x00000000e6d00000, 0x00000000e6d00000| Untracked 
| 110|0x00000000e6e00000, 0x00000000e6e00000, 0x00000000e6f00000|  0%| F|  |TAMS 0x00000000e6e00000, 0x00000000e6e00000| Untracked 
| 111|0x00000000e6f00000, 0x00000000e6f00000, 0x00000000e7000000|  0%| F|  |TAMS 0x00000000e6f00000, 0x00000000e6f00000| Untracked 
| 112|0x00000000e7000000, 0x00000000e7000000, 0x00000000e7100000|  0%| F|  |TAMS 0x00000000e7000000, 0x00000000e7000000| Untracked 
| 113|0x00000000e7100000, 0x00000000e7100000, 0x00000000e7200000|  0%| F|  |TAMS 0x00000000e7100000, 0x00000000e7100000| Untracked 
| 114|0x00000000e7200000, 0x00000000e7200000, 0x00000000e7300000|  0%| F|  |TAMS 0x00000000e7200000, 0x00000000e7200000| Untracked 
| 115|0x00000000e7300000, 0x00000000e7300000, 0x00000000e7400000|  0%| F|  |TAMS 0x00000000e7300000, 0x00000000e7300000| Untracked 
| 116|0x00000000e7400000, 0x00000000e7400000, 0x00000000e7500000|  0%| F|  |TAMS 0x00000000e7400000, 0x00000000e7400000| Untracked 
| 117|0x00000000e7500000, 0x00000000e7500000, 0x00000000e7600000|  0%| F|  |TAMS 0x00000000e7500000, 0x00000000e7500000| Untracked 
| 118|0x00000000e7600000, 0x00000000e7600000, 0x00000000e7700000|  0%| F|  |TAMS 0x00000000e7600000, 0x00000000e7600000| Untracked 
| 119|0x00000000e7700000, 0x00000000e7700000, 0x00000000e7800000|  0%| F|  |TAMS 0x00000000e7700000, 0x00000000e7700000| Untracked 
| 120|0x00000000e7800000, 0x00000000e7800000, 0x00000000e7900000|  0%| F|  |TAMS 0x00000000e7800000, 0x00000000e7800000| Untracked 
| 121|0x00000000e7900000, 0x00000000e7900000, 0x00000000e7a00000|  0%| F|  |TAMS 0x00000000e7900000, 0x00000000e7900000| Untracked 
| 122|0x00000000e7a00000, 0x00000000e7a00000, 0x00000000e7b00000|  0%| F|  |TAMS 0x00000000e7a00000, 0x00000000e7a00000| Untracked 
| 123|0x00000000e7b00000, 0x00000000e7b00000, 0x00000000e7c00000|  0%| F|  |TAMS 0x00000000e7b00000, 0x00000000e7b00000| Untracked 
| 124|0x00000000e7c00000, 0x00000000e7c00000, 0x00000000e7d00000|  0%| F|  |TAMS 0x00000000e7c00000, 0x00000000e7c00000| Untracked 
| 125|0x00000000e7d00000, 0x00000000e7d00000, 0x00000000e7e00000|  0%| F|  |TAMS 0x00000000e7d00000, 0x00000000e7d00000| Untracked 
| 126|0x00000000e7e00000, 0x00000000e7e00000, 0x00000000e7f00000|  0%| F|  |TAMS 0x00000000e7e00000, 0x00000000e7e00000| Untracked 
| 127|0x00000000e7f00000, 0x00000000e7f00000, 0x00000000e8000000|  0%| F|  |TAMS 0x00000000e7f00000, 0x00000000e7f00000| Untracked 
| 128|0x00000000e8000000, 0x00000000e8000000, 0x00000000e8100000|  0%| F|  |TAMS 0x00000000e8000000, 0x00000000e8000000| Untracked 
| 129|0x00000000e8100000, 0x00000000e8100000, 0x00000000e8200000|  0%| F|  |TAMS 0x00000000e8100000, 0x00000000e8100000| Untracked 
| 130|0x00000000e8200000, 0x00000000e8200000, 0x00000000e8300000|  0%| F|  |TAMS 0x00000000e8200000, 0x00000000e8200000| Untracked 
| 131|0x00000000e8300000, 0x00000000e8300000, 0x00000000e8400000|  0%| F|  |TAMS 0x00000000e8300000, 0x00000000e8300000| Untracked 
| 132|0x00000000e8400000, 0x00000000e8400000, 0x00000000e8500000|  0%| F|  |TAMS 0x00000000e8400000, 0x00000000e8400000| Untracked 
| 133|0x00000000e8500000, 0x00000000e8500000, 0x00000000e8600000|  0%| F|  |TAMS 0x00000000e8500000, 0x00000000e8500000| Untracked 
| 134|0x00000000e8600000, 0x00000000e8600000, 0x00000000e8700000|  0%| F|  |TAMS 0x00000000e8600000, 0x00000000e8600000| Untracked 
| 135|0x00000000e8700000, 0x00000000e8700000, 0x00000000e8800000|  0%| F|  |TAMS 0x00000000e8700000, 0x00000000e8700000| Untracked 
| 136|0x00000000e8800000, 0x00000000e8800000, 0x00000000e8900000|  0%| F|  |TAMS 0x00000000e8800000, 0x00000000e8800000| Untracked 
| 137|0x00000000e8900000, 0x00000000e8900000, 0x00000000e8a00000|  0%| F|  |TAMS 0x00000000e8900000, 0x00000000e8900000| Untracked 
| 138|0x00000000e8a00000, 0x00000000e8a00000, 0x00000000e8b00000|  0%| F|  |TAMS 0x00000000e8a00000, 0x00000000e8a00000| Untracked 
| 139|0x00000000e8b00000, 0x00000000e8b00000, 0x00000000e8c00000|  0%| F|  |TAMS 0x00000000e8b00000, 0x00000000e8b00000| Untracked 
| 140|0x00000000e8c00000, 0x00000000e8cfaa10, 0x00000000e8d00000| 97%| S|CS|TAMS 0x00000000e8c00000, 0x00000000e8c00000| Complete 
| 141|0x00000000e8d00000, 0x00000000e8e00000, 0x00000000e8e00000|100%| S|CS|TAMS 0x00000000e8d00000, 0x00000000e8d00000| Complete 
| 142|0x00000000e8e00000, 0x00000000e8f00000, 0x00000000e8f00000|100%| S|CS|TAMS 0x00000000e8e00000, 0x00000000e8e00000| Complete 
| 143|0x00000000e8f00000, 0x00000000e9000000, 0x00000000e9000000|100%| S|CS|TAMS 0x00000000e8f00000, 0x00000000e8f00000| Complete 
| 144|0x00000000e9000000, 0x00000000e9100000, 0x00000000e9100000|100%| S|CS|TAMS 0x00000000e9000000, 0x00000000e9000000| Complete 
| 145|0x00000000e9100000, 0x00000000e9200000, 0x00000000e9200000|100%| S|CS|TAMS 0x00000000e9100000, 0x00000000e9100000| Complete 
| 146|0x00000000e9200000, 0x00000000e9300000, 0x00000000e9300000|100%| S|CS|TAMS 0x00000000e9200000, 0x00000000e9200000| Complete 
| 147|0x00000000e9300000, 0x00000000e9400000, 0x00000000e9400000|100%| S|CS|TAMS 0x00000000e9300000, 0x00000000e9300000| Complete 
| 148|0x00000000e9400000, 0x00000000e9500000, 0x00000000e9500000|100%| S|CS|TAMS 0x00000000e9400000, 0x00000000e9400000| Complete 
| 149|0x00000000e9500000, 0x00000000e9600000, 0x00000000e9600000|100%| S|CS|TAMS 0x00000000e9500000, 0x00000000e9500000| Complete 
| 150|0x00000000e9600000, 0x00000000e9700000, 0x00000000e9700000|100%| S|CS|TAMS 0x00000000e9600000, 0x00000000e9600000| Complete 
| 151|0x00000000e9700000, 0x00000000e9700000, 0x00000000e9800000|  0%| F|  |TAMS 0x00000000e9700000, 0x00000000e9700000| Untracked 
| 152|0x00000000e9800000, 0x00000000e9800000, 0x00000000e9900000|  0%| F|  |TAMS 0x00000000e9800000, 0x00000000e9800000| Untracked 
| 153|0x00000000e9900000, 0x00000000e9900000, 0x00000000e9a00000|  0%| F|  |TAMS 0x00000000e9900000, 0x00000000e9900000| Untracked 
| 154|0x00000000e9a00000, 0x00000000e9a00000, 0x00000000e9b00000|  0%| F|  |TAMS 0x00000000e9a00000, 0x00000000e9a00000| Untracked 
| 155|0x00000000e9b00000, 0x00000000e9b00000, 0x00000000e9c00000|  0%| F|  |TAMS 0x00000000e9b00000, 0x00000000e9b00000| Untracked 
| 156|0x00000000e9c00000, 0x00000000e9c00000, 0x00000000e9d00000|  0%| F|  |TAMS 0x00000000e9c00000, 0x00000000e9c00000| Untracked 
| 157|0x00000000e9d00000, 0x00000000e9d00000, 0x00000000e9e00000|  0%| F|  |TAMS 0x00000000e9d00000, 0x00000000e9d00000| Untracked 
| 158|0x00000000e9e00000, 0x00000000e9e00000, 0x00000000e9f00000|  0%| F|  |TAMS 0x00000000e9e00000, 0x00000000e9e00000| Untracked 
| 159|0x00000000e9f00000, 0x00000000e9f00000, 0x00000000ea000000|  0%| F|  |TAMS 0x00000000e9f00000, 0x00000000e9f00000| Untracked 
| 160|0x00000000ea000000, 0x00000000ea000000, 0x00000000ea100000|  0%| F|  |TAMS 0x00000000ea000000, 0x00000000ea000000| Untracked 
| 161|0x00000000ea100000, 0x00000000ea100000, 0x00000000ea200000|  0%| F|  |TAMS 0x00000000ea100000, 0x00000000ea100000| Untracked 
| 162|0x00000000ea200000, 0x00000000ea200000, 0x00000000ea300000|  0%| F|  |TAMS 0x00000000ea200000, 0x00000000ea200000| Untracked 
| 163|0x00000000ea300000, 0x00000000ea300000, 0x00000000ea400000|  0%| F|  |TAMS 0x00000000ea300000, 0x00000000ea300000| Untracked 
| 164|0x00000000ea400000, 0x00000000ea400000, 0x00000000ea500000|  0%| F|  |TAMS 0x00000000ea400000, 0x00000000ea400000| Untracked 
| 165|0x00000000ea500000, 0x00000000ea500000, 0x00000000ea600000|  0%| F|  |TAMS 0x00000000ea500000, 0x00000000ea500000| Untracked 
| 166|0x00000000ea600000, 0x00000000ea600000, 0x00000000ea700000|  0%| F|  |TAMS 0x00000000ea600000, 0x00000000ea600000| Untracked 
| 167|0x00000000ea700000, 0x00000000ea700000, 0x00000000ea800000|  0%| F|  |TAMS 0x00000000ea700000, 0x00000000ea700000| Untracked 
| 168|0x00000000ea800000, 0x00000000ea880810, 0x00000000ea900000| 50%| E|  |TAMS 0x00000000ea800000, 0x00000000ea800000| Complete 
| 169|0x00000000ea900000, 0x00000000eaa00000, 0x00000000eaa00000|100%| E|CS|TAMS 0x00000000ea900000, 0x00000000ea900000| Complete 
| 170|0x00000000eaa00000, 0x00000000eab00000, 0x00000000eab00000|100%| E|CS|TAMS 0x00000000eaa00000, 0x00000000eaa00000| Complete 
| 171|0x00000000eab00000, 0x00000000eac00000, 0x00000000eac00000|100%| E|CS|TAMS 0x00000000eab00000, 0x00000000eab00000| Complete 
| 172|0x00000000eac00000, 0x00000000ead00000, 0x00000000ead00000|100%| E|CS|TAMS 0x00000000eac00000, 0x00000000eac00000| Complete 
| 173|0x00000000ead00000, 0x00000000eae00000, 0x00000000eae00000|100%| E|CS|TAMS 0x00000000ead00000, 0x00000000ead00000| Complete 
| 174|0x00000000eae00000, 0x00000000eaf00000, 0x00000000eaf00000|100%| E|CS|TAMS 0x00000000eae00000, 0x00000000eae00000| Complete 
| 175|0x00000000eaf00000, 0x00000000eb000000, 0x00000000eb000000|100%| E|CS|TAMS 0x00000000eaf00000, 0x00000000eaf00000| Complete 
| 176|0x00000000eb000000, 0x00000000eb100000, 0x00000000eb100000|100%| E|CS|TAMS 0x00000000eb000000, 0x00000000eb000000| Complete 
| 177|0x00000000eb100000, 0x00000000eb200000, 0x00000000eb200000|100%| E|CS|TAMS 0x00000000eb100000, 0x00000000eb100000| Complete 
| 178|0x00000000eb200000, 0x00000000eb300000, 0x00000000eb300000|100%| E|CS|TAMS 0x00000000eb200000, 0x00000000eb200000| Complete 
| 179|0x00000000eb300000, 0x00000000eb400000, 0x00000000eb400000|100%| E|CS|TAMS 0x00000000eb300000, 0x00000000eb300000| Complete 
| 180|0x00000000eb400000, 0x00000000eb500000, 0x00000000eb500000|100%| E|CS|TAMS 0x00000000eb400000, 0x00000000eb400000| Complete 
| 181|0x00000000eb500000, 0x00000000eb600000, 0x00000000eb600000|100%| E|CS|TAMS 0x00000000eb500000, 0x00000000eb500000| Complete 
| 182|0x00000000eb600000, 0x00000000eb700000, 0x00000000eb700000|100%| E|CS|TAMS 0x00000000eb600000, 0x00000000eb600000| Complete 
| 183|0x00000000eb700000, 0x00000000eb800000, 0x00000000eb800000|100%| E|CS|TAMS 0x00000000eb700000, 0x00000000eb700000| Complete 
| 184|0x00000000eb800000, 0x00000000eb900000, 0x00000000eb900000|100%| E|CS|TAMS 0x00000000eb800000, 0x00000000eb800000| Complete 
| 185|0x00000000eb900000, 0x00000000eba00000, 0x00000000eba00000|100%| E|CS|TAMS 0x00000000eb900000, 0x00000000eb900000| Complete 
| 186|0x00000000eba00000, 0x00000000ebb00000, 0x00000000ebb00000|100%| E|CS|TAMS 0x00000000eba00000, 0x00000000eba00000| Complete 
| 187|0x00000000ebb00000, 0x00000000ebc00000, 0x00000000ebc00000|100%| E|CS|TAMS 0x00000000ebb00000, 0x00000000ebb00000| Complete 
| 188|0x00000000ebc00000, 0x00000000ebd00000, 0x00000000ebd00000|100%| E|CS|TAMS 0x00000000ebc00000, 0x00000000ebc00000| Complete 
| 189|0x00000000ebd00000, 0x00000000ebe00000, 0x00000000ebe00000|100%| E|CS|TAMS 0x00000000ebd00000, 0x00000000ebd00000| Complete 
| 190|0x00000000ebe00000, 0x00000000ebf00000, 0x00000000ebf00000|100%| E|CS|TAMS 0x00000000ebe00000, 0x00000000ebe00000| Complete 
| 191|0x00000000ebf00000, 0x00000000ec000000, 0x00000000ec000000|100%| E|CS|TAMS 0x00000000ebf00000, 0x00000000ebf00000| Complete 
| 192|0x00000000ec000000, 0x00000000ec100000, 0x00000000ec100000|100%| E|CS|TAMS 0x00000000ec000000, 0x00000000ec000000| Complete 
| 193|0x00000000ec100000, 0x00000000ec200000, 0x00000000ec200000|100%| E|CS|TAMS 0x00000000ec100000, 0x00000000ec100000| Complete 
| 194|0x00000000ec200000, 0x00000000ec300000, 0x00000000ec300000|100%| E|CS|TAMS 0x00000000ec200000, 0x00000000ec200000| Complete 
| 195|0x00000000ec300000, 0x00000000ec400000, 0x00000000ec400000|100%| E|CS|TAMS 0x00000000ec300000, 0x00000000ec300000| Complete 
| 196|0x00000000ec400000, 0x00000000ec500000, 0x00000000ec500000|100%| E|CS|TAMS 0x00000000ec400000, 0x00000000ec400000| Complete 
| 197|0x00000000ec500000, 0x00000000ec600000, 0x00000000ec600000|100%| E|CS|TAMS 0x00000000ec500000, 0x00000000ec500000| Complete 
| 198|0x00000000ec600000, 0x00000000ec700000, 0x00000000ec700000|100%| E|CS|TAMS 0x00000000ec600000, 0x00000000ec600000| Complete 
| 199|0x00000000ec700000, 0x00000000ec800000, 0x00000000ec800000|100%| E|CS|TAMS 0x00000000ec700000, 0x00000000ec700000| Complete 
| 200|0x00000000ec800000, 0x00000000ec900000, 0x00000000ec900000|100%| E|CS|TAMS 0x00000000ec800000, 0x00000000ec800000| Complete 
| 201|0x00000000ec900000, 0x00000000eca00000, 0x00000000eca00000|100%| E|  |TAMS 0x00000000ec900000, 0x00000000ec900000| Complete 
| 202|0x00000000eca00000, 0x00000000ecb00000, 0x00000000ecb00000|100%| E|CS|TAMS 0x00000000eca00000, 0x00000000eca00000| Complete 
| 203|0x00000000ecb00000, 0x00000000ecc00000, 0x00000000ecc00000|100%| E|CS|TAMS 0x00000000ecb00000, 0x00000000ecb00000| Complete 
| 204|0x00000000ecc00000, 0x00000000ecd00000, 0x00000000ecd00000|100%| E|CS|TAMS 0x00000000ecc00000, 0x00000000ecc00000| Complete 
| 205|0x00000000ecd00000, 0x00000000ece00000, 0x00000000ece00000|100%| E|CS|TAMS 0x00000000ecd00000, 0x00000000ecd00000| Complete 
| 206|0x00000000ece00000, 0x00000000ecf00000, 0x00000000ecf00000|100%| E|CS|TAMS 0x00000000ece00000, 0x00000000ece00000| Complete 
| 207|0x00000000ecf00000, 0x00000000ed000000, 0x00000000ed000000|100%| E|CS|TAMS 0x00000000ecf00000, 0x00000000ecf00000| Complete 
| 208|0x00000000ed000000, 0x00000000ed100000, 0x00000000ed100000|100%| E|CS|TAMS 0x00000000ed000000, 0x00000000ed000000| Complete 
| 209|0x00000000ed100000, 0x00000000ed200000, 0x00000000ed200000|100%| E|CS|TAMS 0x00000000ed100000, 0x00000000ed100000| Complete 
| 210|0x00000000ed200000, 0x00000000ed300000, 0x00000000ed300000|100%| E|CS|TAMS 0x00000000ed200000, 0x00000000ed200000| Complete 
| 211|0x00000000ed300000, 0x00000000ed400000, 0x00000000ed400000|100%| E|CS|TAMS 0x00000000ed300000, 0x00000000ed300000| Complete 
| 212|0x00000000ed400000, 0x00000000ed500000, 0x00000000ed500000|100%| E|CS|TAMS 0x00000000ed400000, 0x00000000ed400000| Complete 
| 213|0x00000000ed500000, 0x00000000ed600000, 0x00000000ed600000|100%| E|CS|TAMS 0x00000000ed500000, 0x00000000ed500000| Complete 
| 214|0x00000000ed600000, 0x00000000ed700000, 0x00000000ed700000|100%| E|CS|TAMS 0x00000000ed600000, 0x00000000ed600000| Complete 
| 215|0x00000000ed700000, 0x00000000ed800000, 0x00000000ed800000|100%| E|CS|TAMS 0x00000000ed700000, 0x00000000ed700000| Complete 
| 216|0x00000000ed800000, 0x00000000ed900000, 0x00000000ed900000|100%| E|CS|TAMS 0x00000000ed800000, 0x00000000ed800000| Complete 
| 217|0x00000000ed900000, 0x00000000eda00000, 0x00000000eda00000|100%| E|CS|TAMS 0x00000000ed900000, 0x00000000ed900000| Complete 
| 218|0x00000000eda00000, 0x00000000edb00000, 0x00000000edb00000|100%| E|CS|TAMS 0x00000000eda00000, 0x00000000eda00000| Complete 
| 219|0x00000000edb00000, 0x00000000edc00000, 0x00000000edc00000|100%| E|CS|TAMS 0x00000000edb00000, 0x00000000edb00000| Complete 
| 220|0x00000000edc00000, 0x00000000edd00000, 0x00000000edd00000|100%| E|CS|TAMS 0x00000000edc00000, 0x00000000edc00000| Complete 
| 221|0x00000000edd00000, 0x00000000ede00000, 0x00000000ede00000|100%| E|CS|TAMS 0x00000000edd00000, 0x00000000edd00000| Complete 
| 222|0x00000000ede00000, 0x00000000edf00000, 0x00000000edf00000|100%| E|CS|TAMS 0x00000000ede00000, 0x00000000ede00000| Complete 
| 223|0x00000000edf00000, 0x00000000ee000000, 0x00000000ee000000|100%| E|CS|TAMS 0x00000000edf00000, 0x00000000edf00000| Complete 
| 224|0x00000000ee000000, 0x00000000ee100000, 0x00000000ee100000|100%| E|CS|TAMS 0x00000000ee000000, 0x00000000ee000000| Complete 
| 225|0x00000000ee100000, 0x00000000ee200000, 0x00000000ee200000|100%| E|CS|TAMS 0x00000000ee100000, 0x00000000ee100000| Complete 
| 226|0x00000000ee200000, 0x00000000ee300000, 0x00000000ee300000|100%| E|CS|TAMS 0x00000000ee200000, 0x00000000ee200000| Complete 
| 227|0x00000000ee300000, 0x00000000ee400000, 0x00000000ee400000|100%| E|CS|TAMS 0x00000000ee300000, 0x00000000ee300000| Complete 
| 228|0x00000000ee400000, 0x00000000ee500000, 0x00000000ee500000|100%| E|CS|TAMS 0x00000000ee400000, 0x00000000ee400000| Complete 
| 229|0x00000000ee500000, 0x00000000ee600000, 0x00000000ee600000|100%| E|CS|TAMS 0x00000000ee500000, 0x00000000ee500000| Complete 
| 230|0x00000000ee600000, 0x00000000ee700000, 0x00000000ee700000|100%| E|CS|TAMS 0x00000000ee600000, 0x00000000ee600000| Complete 
| 231|0x00000000ee700000, 0x00000000ee800000, 0x00000000ee800000|100%| E|CS|TAMS 0x00000000ee700000, 0x00000000ee700000| Complete 
| 232|0x00000000ee800000, 0x00000000ee900000, 0x00000000ee900000|100%| E|CS|TAMS 0x00000000ee800000, 0x00000000ee800000| Complete 
| 233|0x00000000ee900000, 0x00000000eea00000, 0x00000000eea00000|100%| E|CS|TAMS 0x00000000ee900000, 0x00000000ee900000| Complete 
| 234|0x00000000eea00000, 0x00000000eeb00000, 0x00000000eeb00000|100%| E|CS|TAMS 0x00000000eea00000, 0x00000000eea00000| Complete 
| 235|0x00000000eeb00000, 0x00000000eec00000, 0x00000000eec00000|100%| E|CS|TAMS 0x00000000eeb00000, 0x00000000eeb00000| Complete 
| 236|0x00000000eec00000, 0x00000000eed00000, 0x00000000eed00000|100%| E|CS|TAMS 0x00000000eec00000, 0x00000000eec00000| Complete 
| 237|0x00000000eed00000, 0x00000000eee00000, 0x00000000eee00000|100%| E|CS|TAMS 0x00000000eed00000, 0x00000000eed00000| Complete 
| 238|0x00000000eee00000, 0x00000000eef00000, 0x00000000eef00000|100%| E|CS|TAMS 0x00000000eee00000, 0x00000000eee00000| Complete 
| 239|0x00000000eef00000, 0x00000000ef000000, 0x00000000ef000000|100%| E|CS|TAMS 0x00000000eef00000, 0x00000000eef00000| Complete 
| 240|0x00000000ef000000, 0x00000000ef100000, 0x00000000ef100000|100%| E|CS|TAMS 0x00000000ef000000, 0x00000000ef000000| Complete 
| 241|0x00000000ef100000, 0x00000000ef200000, 0x00000000ef200000|100%| E|CS|TAMS 0x00000000ef100000, 0x00000000ef100000| Complete 
| 242|0x00000000ef200000, 0x00000000ef300000, 0x00000000ef300000|100%| E|CS|TAMS 0x00000000ef200000, 0x00000000ef200000| Complete 
| 243|0x00000000ef300000, 0x00000000ef400000, 0x00000000ef400000|100%| E|CS|TAMS 0x00000000ef300000, 0x00000000ef300000| Complete 
| 244|0x00000000ef400000, 0x00000000ef500000, 0x00000000ef500000|100%| E|CS|TAMS 0x00000000ef400000, 0x00000000ef400000| Complete 
| 245|0x00000000ef500000, 0x00000000ef600000, 0x00000000ef600000|100%| E|CS|TAMS 0x00000000ef500000, 0x00000000ef500000| Complete 
| 246|0x00000000ef600000, 0x00000000ef700000, 0x00000000ef700000|100%| E|CS|TAMS 0x00000000ef600000, 0x00000000ef600000| Complete 
| 247|0x00000000ef700000, 0x00000000ef800000, 0x00000000ef800000|100%| E|CS|TAMS 0x00000000ef700000, 0x00000000ef700000| Complete 
| 248|0x00000000ef800000, 0x00000000ef900000, 0x00000000ef900000|100%| E|CS|TAMS 0x00000000ef800000, 0x00000000ef800000| Complete 
| 249|0x00000000ef900000, 0x00000000efa00000, 0x00000000efa00000|100%| E|CS|TAMS 0x00000000ef900000, 0x00000000ef900000| Complete 
| 250|0x00000000efa00000, 0x00000000efb00000, 0x00000000efb00000|100%| E|CS|TAMS 0x00000000efa00000, 0x00000000efa00000| Complete 
| 251|0x00000000efb00000, 0x00000000efc00000, 0x00000000efc00000|100%| E|CS|TAMS 0x00000000efb00000, 0x00000000efb00000| Complete 
| 252|0x00000000efc00000, 0x00000000efd00000, 0x00000000efd00000|100%| E|CS|TAMS 0x00000000efc00000, 0x00000000efc00000| Complete 
| 253|0x00000000efd00000, 0x00000000efe00000, 0x00000000efe00000|100%| E|CS|TAMS 0x00000000efd00000, 0x00000000efd00000| Complete 
| 254|0x00000000efe00000, 0x00000000eff00000, 0x00000000eff00000|100%| E|CS|TAMS 0x00000000efe00000, 0x00000000efe00000| Complete 
| 255|0x00000000eff00000, 0x00000000f0000000, 0x00000000f0000000|100%| E|CS|TAMS 0x00000000eff00000, 0x00000000eff00000| Complete 

Card table byte_map: [0x0000019861ac0000,0x0000019861bc0000] _byte_map_base: 0x00000198613c0000

Marking Bits (Prev, Next): (CMBitMap*) 0x000001984b280960, (CMBitMap*) 0x000001984b280920
 Prev Bits: [0x00000198624c0000, 0x0000019862cc0000)
 Next Bits: [0x0000019861cc0000, 0x00000198624c0000)

Polling page: 0x00000198493e0000

Metaspace:

Usage:
  Non-class:     29.19 MB used.
      Class:      4.60 MB used.
       Both:     33.79 MB used.

Virtual space:
  Non-class space:       32.00 MB reserved,      29.38 MB ( 92%) committed,  4 nodes.
      Class space:      208.00 MB reserved,       4.75 MB (  2%) committed,  1 nodes.
             Both:      240.00 MB reserved,      34.13 MB ( 14%) committed. 

Chunk freelists:
   Non-Class:  2.20 MB
       Class:  3.07 MB
        Both:  5.28 MB

MaxMetaspaceSize: 256.00 MB
CompressedClassSpaceSize: 208.00 MB
Initial GC threshold: 21.00 MB
Current GC threshold: 35.25 MB
CDS: on
MetaspaceReclaimPolicy: balanced
 - commit_granule_bytes: 65536.
 - commit_granule_words: 8192.
 - virtual_space_node_default_size: 1048576.
 - enlarge_chunks_in_place: 1.
 - new_chunks_are_fully_committed: 0.
 - uncommit_free_chunks: 1.
 - use_allocation_guard: 0.
 - handle_deallocations: 1.


Internal statistics:

num_allocs_failed_limit: 3.
num_arena_births: 284.
num_arena_deaths: 0.
num_vsnodes_births: 5.
num_vsnodes_deaths: 0.
num_space_committed: 546.
num_space_uncommitted: 0.
num_chunks_returned_to_freelist: 3.
num_chunks_taken_from_freelist: 1504.
num_chunk_merges: 3.
num_chunk_splits: 1020.
num_chunks_enlarged: 745.
num_purges: 0.
num_inconsistent_stats: 0.

CodeHeap 'non-profiled nmethods': size=120000Kb used=2223Kb max_used=2223Kb free=117776Kb
 bounds [0x000001985a590000, 0x000001985a800000, 0x0000019861ac0000]
CodeHeap 'profiled nmethods': size=120000Kb used=8517Kb max_used=8517Kb free=111482Kb
 bounds [0x0000019853060000, 0x00000198538c0000, 0x000001985a590000]
CodeHeap 'non-nmethods': size=5760Kb used=2285Kb max_used=2311Kb free=3474Kb
 bounds [0x0000019852ac0000, 0x0000019852d30000, 0x0000019853060000]
 total_blobs=4846 nmethods=4052 adapters=706
 compilation: enabled
              stopped_count=0, restarted_count=0
 full_count=0

Compilation events (20 events):
Event: 26.691 Thread 0x00000198652b2bb0 4036       3       jdk.internal.misc.Unsafe::getByte (7 bytes)
Event: 26.691 Thread 0x00000198652b2bb0 nmethod 4036 0x0000019853893110 code [0x00000198538932a0, 0x00000198538933b8]
Event: 26.778 Thread 0x00000198652b2bb0 4037       1       com.google.common.cache.LocalCache$StrongEntry::getNext (5 bytes)
Event: 26.778 Thread 0x00000198652b2bb0 nmethod 4037 0x000001985a7bb590 code [0x000001985a7bb720, 0x000001985a7bb7f8]
Event: 26.779 Thread 0x00000198652b2bb0 4038       3       com.google.common.base.Preconditions::checkState (17 bytes)
Event: 26.779 Thread 0x00000198652b2bb0 nmethod 4038 0x0000019853893490 code [0x0000019853893660, 0x00000198538939d8]
Event: 26.784 Thread 0x00000198652b2bb0 4039       3       java.util.concurrent.locks.ReentrantLock::isHeldByCurrentThread (8 bytes)
Event: 26.785 Thread 0x00000198652b2bb0 nmethod 4039 0x0000019853893b90 code [0x0000019853893d40, 0x0000019853893f58]
Event: 26.785 Thread 0x00000198652b2bb0 4040       3       com.google.common.cache.LocalCache::refreshes (15 bytes)
Event: 26.786 Thread 0x00000198652b2bb0 nmethod 4040 0x0000019853894010 code [0x00000198538941a0, 0x0000019853894318]
Event: 26.786 Thread 0x00000198652b2bb0 4041       1       org.gradle.internal.snapshot.AbstractFileSystemLocationSnapshot::getName (5 bytes)
Event: 26.786 Thread 0x00000198652b2bb0 nmethod 4041 0x000001985a7bb890 code [0x000001985a7bba20, 0x000001985a7bbaf8]
Event: 26.791 Thread 0x00000198652b2bb0 4042       3       java.io.DataOutputStream::writeLong (118 bytes)
Event: 26.792 Thread 0x00000198652b2bb0 nmethod 4042 0x0000019853894390 code [0x0000019853894560, 0x0000019853894988]
Event: 26.794 Thread 0x00000198652b2bb0 4043       3       java.util.AbstractMap$SimpleImmutableEntry::<init> (15 bytes)
Event: 26.794 Thread 0x00000198652b2bb0 nmethod 4043 0x0000019853894b90 code [0x0000019853894d40, 0x0000019853894f58]
Event: 26.794 Thread 0x00000198652b2bb0 4044       1       com.google.common.cache.LocalCache$StrongValueReference::getWeight (2 bytes)
Event: 26.794 Thread 0x00000198652b2bb0 nmethod 4044 0x000001985a7bbb90 code [0x000001985a7bbd20, 0x000001985a7bbdf8]
Event: 26.800 Thread 0x00000198652b2bb0 4045       3       java.util.AbstractQueue::add (20 bytes)
Event: 26.800 Thread 0x00000198652b2bb0 nmethod 4045 0x0000019853895010 code [0x00000198538951c0, 0x0000019853895498]

GC Heap History (8 events):
Event: 1.925 GC heap before
{Heap before GC invocations=0 (full 0):
 garbage-first heap   total 262144K, used 16384K [0x00000000e0000000, 0x0000000100000000)
  region size 1024K, 13 young (13312K), 0 survivors (0K)
 Metaspace       used 962K, committed 1088K, reserved 221184K
  class space    used 74K, committed 128K, reserved 212992K
}
Event: 1.955 GC heap after
{Heap after GC invocations=1 (full 0):
 garbage-first heap   total 262144K, used 3801K [0x00000000e0000000, 0x0000000100000000)
  region size 1024K, 2 young (2048K), 2 survivors (2048K)
 Metaspace       used 962K, committed 1088K, reserved 221184K
  class space    used 74K, committed 128K, reserved 212992K
}
Event: 3.640 GC heap before
{Heap before GC invocations=1 (full 0):
 garbage-first heap   total 262144K, used 22233K [0x00000000e0000000, 0x0000000100000000)
  region size 1024K, 17 young (17408K), 2 survivors (2048K)
 Metaspace       used 3801K, committed 4032K, reserved 221184K
  class space    used 476K, committed 576K, reserved 212992K
}
Event: 3.645 GC heap after
{Heap after GC invocations=2 (full 0):
 garbage-first heap   total 262144K, used 9348K [0x00000000e0000000, 0x0000000100000000)
  region size 1024K, 3 young (3072K), 3 survivors (3072K)
 Metaspace       used 3801K, committed 4032K, reserved 221184K
  class space    used 476K, committed 576K, reserved 212992K
}
Event: 5.071 GC heap before
{Heap before GC invocations=2 (full 0):
 garbage-first heap   total 262144K, used 31876K [0x00000000e0000000, 0x0000000100000000)
  region size 1024K, 25 young (25600K), 3 survivors (3072K)
 Metaspace       used 3933K, committed 4096K, reserved 221184K
  class space    used 479K, committed 576K, reserved 212992K
}
Event: 5.077 GC heap after
{Heap after GC invocations=3 (full 0):
 garbage-first heap   total 262144K, used 13352K [0x00000000e0000000, 0x0000000100000000)
  region size 1024K, 4 young (4096K), 4 survivors (4096K)
 Metaspace       used 3933K, committed 4096K, reserved 221184K
  class space    used 479K, committed 576K, reserved 212992K
}
Event: 19.412 GC heap before
{Heap before GC invocations=3 (full 0):
 garbage-first heap   total 262144K, used 115752K [0x00000000e0000000, 0x0000000100000000)
  region size 1024K, 105 young (107520K), 4 survivors (4096K)
 Metaspace       used 21261K, committed 21504K, reserved 237568K
  class space    used 3175K, committed 3264K, reserved 212992K
}
Event: 19.429 GC heap after
{Heap after GC invocations=4 (full 0):
 garbage-first heap   total 262144K, used 20674K [0x00000000e0000000, 0x0000000100000000)
  region size 1024K, 11 young (11264K), 11 survivors (11264K)
 Metaspace       used 21261K, committed 21504K, reserved 237568K
  class space    used 3175K, committed 3264K, reserved 212992K
}

Deoptimization events (20 events):
Event: 26.434 Thread 0x00000198661af1d0 Uncommon trap: trap_request=0xffffff45 fr.pc=0x000001985a5b04f8 relative=0x00000000000000d8
Event: 26.434 Thread 0x00000198661af1d0 Uncommon trap: reason=unstable_if action=reinterpret pc=0x000001985a5b04f8 method=java.util.HashMap.hash(Ljava/lang/Object;)I @ 1 c2
Event: 26.434 Thread 0x00000198661af1d0 DEOPT PACKING pc=0x000001985a5b04f8 sp=0x00000024edef8d10
Event: 26.434 Thread 0x00000198661af1d0 DEOPT UNPACKING pc=0x0000019852b1239d sp=0x00000024edef8c50 mode 2
Event: 26.434 Thread 0x00000198661af1d0 Uncommon trap: trap_request=0xffffff45 fr.pc=0x000001985a6f143c relative=0x00000000000006dc
Event: 26.434 Thread 0x00000198661af1d0 Uncommon trap: reason=unstable_if action=reinterpret pc=0x000001985a6f143c method=java.util.HashMap.putVal(ILjava/lang/Object;Ljava/lang/Object;ZZ)Ljava/lang/Object; @ 85 c2
Event: 26.434 Thread 0x00000198661af1d0 DEOPT PACKING pc=0x000001985a6f143c sp=0x00000024edef8c40
Event: 26.434 Thread 0x00000198661af1d0 DEOPT UNPACKING pc=0x0000019852b1239d sp=0x00000024edef8bf8 mode 2
Event: 26.441 Thread 0x00000198661af1d0 Uncommon trap: trap_request=0xffffff45 fr.pc=0x000001985a7a2934 relative=0x00000000000002f4
Event: 26.441 Thread 0x00000198661af1d0 Uncommon trap: reason=unstable_if action=reinterpret pc=0x000001985a7a2934 method=org.gradle.internal.reflect.PropertyAccessorType.isGetGetterName(Ljava/lang/String;)Z @ 14 c2
Event: 26.441 Thread 0x00000198661af1d0 DEOPT PACKING pc=0x000001985a7a2934 sp=0x00000024edef9770
Event: 26.441 Thread 0x00000198661af1d0 DEOPT UNPACKING pc=0x0000019852b1239d sp=0x00000024edef96c8 mode 2
Event: 26.497 Thread 0x00000198661af1d0 Uncommon trap: trap_request=0xffffff45 fr.pc=0x000001985a6fa068 relative=0x00000000000000e8
Event: 26.497 Thread 0x00000198661af1d0 Uncommon trap: reason=unstable_if action=reinterpret pc=0x000001985a6fa068 method=org.objectweb.asm.ByteVector.putShort(I)Lorg/objectweb/asm/ByteVector; @ 13 c2
Event: 26.497 Thread 0x00000198661af1d0 DEOPT PACKING pc=0x000001985a6fa068 sp=0x00000024edef9380
Event: 26.497 Thread 0x00000198661af1d0 DEOPT UNPACKING pc=0x0000019852b1239d sp=0x00000024edef9318 mode 2
Event: 26.543 Thread 0x00000198661af1d0 Uncommon trap: trap_request=0xffffff45 fr.pc=0x000001985a728408 relative=0x0000000000001528
Event: 26.543 Thread 0x00000198661af1d0 Uncommon trap: reason=unstable_if action=reinterpret pc=0x000001985a728408 method=java.util.concurrent.ConcurrentHashMap.computeIfAbsent(Ljava/lang/Object;Ljava/util/function/Function;)Ljava/lang/Object; @ 123 c2
Event: 26.543 Thread 0x00000198661af1d0 DEOPT PACKING pc=0x000001985a728408 sp=0x00000024edefa660
Event: 26.543 Thread 0x00000198661af1d0 DEOPT UNPACKING pc=0x0000019852b1239d sp=0x00000024edefa5e0 mode 2

Classes unloaded (0 events):
No events

Classes redefined (0 events):
No events

Internal exceptions (20 events):
Event: 25.787 Thread 0x00000198661af1d0 Exception <a 'java/lang/ClassNotFoundException'{0x00000000ec274a90}: ijtestinit_9rpgzezsvnurly982w0jizgn5Customizer> (0x00000000ec274a90) 
thrown [t:\workspace\open\src\hotspot\share\classfile\systemDictionary.cpp, line 256]
Event: 25.801 Thread 0x00000198661af1d0 Exception <a 'java/lang/ClassNotFoundException'{0x00000000ec2bb4a0}: groovy/lang/ReferenceBeanInfo> (0x00000000ec2bb4a0) 
thrown [t:\workspace\open\src\hotspot\share\classfile\systemDictionary.cpp, line 256]
Event: 25.802 Thread 0x00000198661af1d0 Exception <a 'java/lang/ClassNotFoundException'{0x00000000ec2dd698}: groovy/lang/ReferenceCustomizer> (0x00000000ec2dd698) 
thrown [t:\workspace\open\src\hotspot\share\classfile\systemDictionary.cpp, line 256]
Event: 25.850 Thread 0x00000198661af1d0 Exception <a 'java/lang/ClassNotFoundException'{0x00000000ec05faf0}: org/gradle/configuration/internal/DefaultListenerBuildOperationDecorator$BuildOperationEmittingClosureBeanInfo> (0x00000000ec05faf0) 
thrown [t:\workspace\open\src\hotspot\share\classfile\systemDictionary.cpp, line 256]
Event: 25.850 Thread 0x00000198661af1d0 Exception <a 'java/lang/ClassNotFoundException'{0x00000000ec06e888}: org/gradle/configuration/internal/DefaultListenerBuildOperationDecorator$BuildOperationEmittingClosureCustomizer> (0x00000000ec06e888) 
thrown [t:\workspace\open\src\hotspot\share\classfile\systemDictionary.cpp, line 256]
Event: 25.990 Thread 0x00000198661af1d0 Exception <a 'java/lang/ClassNotFoundException'{0x00000000ebfed588}: settings_8j63hf9yr21f3h4jly75bxm92BeanInfo> (0x00000000ebfed588) 
thrown [t:\workspace\open\src\hotspot\share\classfile\systemDictionary.cpp, line 256]
Event: 25.991 Thread 0x00000198661af1d0 Exception <a 'java/lang/ClassNotFoundException'{0x00000000ebff7850}: org/gradle/initialization/SettingsScriptBeanInfo> (0x00000000ebff7850) 
thrown [t:\workspace\open\src\hotspot\share\classfile\systemDictionary.cpp, line 256]
Event: 25.991 Thread 0x00000198661af1d0 Exception <a 'java/lang/ClassNotFoundException'{0x00000000ebe02400}: org/gradle/plugin/use/internal/PluginsAwareScriptBeanInfo> (0x00000000ebe02400) 
thrown [t:\workspace\open\src\hotspot\share\classfile\systemDictionary.cpp, line 256]
Event: 25.991 Thread 0x00000198661af1d0 Exception <a 'java/lang/ClassNotFoundException'{0x00000000ebe0caa8}: org/gradle/plugin/use/internal/PluginsAwareScriptCustomizer> (0x00000000ebe0caa8) 
thrown [t:\workspace\open\src\hotspot\share\classfile\systemDictionary.cpp, line 256]
Event: 25.992 Thread 0x00000198661af1d0 Exception <a 'java/lang/ClassNotFoundException'{0x00000000ebe1f308}: org/gradle/initialization/SettingsScriptCustomizer> (0x00000000ebe1f308) 
thrown [t:\workspace\open\src\hotspot\share\classfile\systemDictionary.cpp, line 256]
Event: 25.993 Thread 0x00000198661af1d0 Exception <a 'java/lang/ClassNotFoundException'{0x00000000ebe2c460}: settings_8j63hf9yr21f3h4jly75bxm92Customizer> (0x00000000ebe2c460) 
thrown [t:\workspace\open\src\hotspot\share\classfile\systemDictionary.cpp, line 256]
Event: 26.023 Thread 0x00000198661af1d0 Exception <a 'java/lang/ClassNotFoundException'{0x00000000ebe93c60}: org/gradle/initialization/DefaultSettings_DecoratedBeanInfo> (0x00000000ebe93c60) 
thrown [t:\workspace\open\src\hotspot\share\classfile\systemDictionary.cpp, line 256]
Event: 26.023 Thread 0x00000198661af1d0 Exception <a 'java/lang/ClassNotFoundException'{0x00000000ebea2488}: org/gradle/initialization/DefaultSettingsBeanInfo> (0x00000000ebea2488) 
thrown [t:\workspace\open\src\hotspot\share\classfile\systemDictionary.cpp, line 256]
Event: 26.024 Thread 0x00000198661af1d0 Exception <a 'java/lang/ClassNotFoundException'{0x00000000ebeb0b38}: org/gradle/initialization/DefaultSettingsCustomizer> (0x00000000ebeb0b38) 
thrown [t:\workspace\open\src\hotspot\share\classfile\systemDictionary.cpp, line 256]
Event: 26.029 Thread 0x00000198661af1d0 Exception <a 'java/lang/ClassNotFoundException'{0x00000000ebeee648}: org/gradle/initialization/DefaultSettings_DecoratedCustomizer> (0x00000000ebeee648) 
thrown [t:\workspace\open\src\hotspot\share\classfile\systemDictionary.cpp, line 256]
Event: 26.036 Thread 0x00000198661af1d0 Exception <a 'java/lang/ClassNotFoundException'{0x00000000ebd5a918}: org/gradle/initialization/DefaultProjectDescriptorBeanInfo> (0x00000000ebd5a918) 
thrown [t:\workspace\open\src\hotspot\share\classfile\systemDictionary.cpp, line 256]
Event: 26.038 Thread 0x00000198661af1d0 Exception <a 'java/lang/ClassNotFoundException'{0x00000000ebd68d08}: org/gradle/initialization/DefaultProjectDescriptorCustomizer> (0x00000000ebd68d08) 
thrown [t:\workspace\open\src\hotspot\share\classfile\systemDictionary.cpp, line 256]
Event: 26.058 Thread 0x00000198661af1d0 Implicit null exception at 0x000001985a72286c to 0x000001985a72291c
Event: 26.433 Thread 0x00000198661af1d0 Implicit null exception at 0x000001985a6eaded to 0x000001985a6eb00c
Event: 26.434 Thread 0x00000198661af1d0 Implicit null exception at 0x000001985a5b0458 to 0x000001985a5b04ee

VM Operations (20 events):
Event: 22.755 Executing VM operation: HandshakeAllThreads
Event: 22.755 Executing VM operation: HandshakeAllThreads done
Event: 22.904 Executing VM operation: HandshakeAllThreads
Event: 22.905 Executing VM operation: HandshakeAllThreads done
Event: 23.320 Executing VM operation: HandshakeAllThreads
Event: 23.320 Executing VM operation: HandshakeAllThreads done
Event: 23.320 Executing VM operation: Cleanup
Event: 23.321 Executing VM operation: Cleanup done
Event: 24.322 Executing VM operation: Cleanup
Event: 24.337 Executing VM operation: Cleanup done
Event: 25.320 Executing VM operation: ICBufferFull
Event: 25.320 Executing VM operation: ICBufferFull done
Event: 26.162 Executing VM operation: HandshakeAllThreads
Event: 26.162 Executing VM operation: HandshakeAllThreads done
Event: 26.234 Executing VM operation: HandshakeAllThreads
Event: 26.234 Executing VM operation: HandshakeAllThreads done
Event: 26.450 Executing VM operation: ICBufferFull
Event: 26.451 Executing VM operation: ICBufferFull done
Event: 26.454 Executing VM operation: HandshakeAllThreads
Event: 26.454 Executing VM operation: HandshakeAllThreads done

Events (20 events):
Event: 24.607 loading class com/sun/beans/finder/AbstractFinder
Event: 24.607 loading class com/sun/beans/finder/AbstractFinder done
Event: 24.607 loading class com/sun/beans/finder/MethodFinder done
Event: 24.607 loading class com/sun/beans/finder/MethodFinder$1
Event: 24.607 loading class com/sun/beans/finder/MethodFinder$1 done
Event: 24.608 loading class com/sun/beans/finder/FinderUtils
Event: 24.608 loading class com/sun/beans/finder/FinderUtils done
Event: 24.779 Thread 0x00000198669298b0 Thread added: 0x00000198669298b0
Event: 25.068 Thread 0x000001986692e0e0 Thread added: 0x000001986692e0e0
Event: 26.041 loading class jdk/internal/math/FDBigInteger
Event: 26.042 loading class jdk/internal/math/FDBigInteger done
Event: 26.074 Thread 0x000001986692ea80 Thread added: 0x000001986692ea80
Event: 26.130 loading class java/nio/file/AtomicMoveNotSupportedException
Event: 26.130 loading class java/nio/file/AtomicMoveNotSupportedException done
Event: 26.161 loading class java/io/FileWriter
Event: 26.161 loading class java/io/FileWriter done
Event: 26.233 loading class java/util/ArrayList$ListItr
Event: 26.233 loading class java/util/ArrayList$ListItr done
Event: 26.504 loading class java/lang/StringIndexOutOfBoundsException
Event: 26.504 loading class java/lang/StringIndexOutOfBoundsException done


Dynamic libraries:
0x00007ff6cdab0000 - 0x00007ff6cdac0000 	C:\Program Files\Java\jdk-17.0.3.1\bin\java.exe
0x00007ffa2efe0000 - 0x00007ffa2f1d0000 	C:\WINDOWS\SYSTEM32\ntdll.dll
0x00007ffa2d160000 - 0x00007ffa2d212000 	C:\WINDOWS\System32\KERNEL32.DLL
0x00007ffa2c310000 - 0x00007ffa2c5b4000 	C:\WINDOWS\System32\KERNELBASE.dll
0x00007ffa2c640000 - 0x00007ffa2c73a000 	C:\WINDOWS\System32\ucrtbase.dll
0x00007ffa17a70000 - 0x00007ffa17a8a000 	C:\Program Files\Java\jdk-17.0.3.1\bin\VCRUNTIME140.dll
0x00007ffa17b00000 - 0x00007ffa17b18000 	C:\Program Files\Java\jdk-17.0.3.1\bin\jli.dll
0x00007ffa2e750000 - 0x00007ffa2e7f3000 	C:\WINDOWS\System32\ADVAPI32.dll
0x00007ffa2e880000 - 0x00007ffa2e91e000 	C:\WINDOWS\System32\msvcrt.dll
0x00007ffa2e120000 - 0x00007ffa2e1b7000 	C:\WINDOWS\System32\sechost.dll
0x00007ffa2e630000 - 0x00007ffa2e750000 	C:\WINDOWS\System32\RPCRT4.dll
0x00007ffa2eac0000 - 0x00007ffa2ec54000 	C:\WINDOWS\System32\USER32.dll
0x00007ffa2c840000 - 0x00007ffa2c861000 	C:\WINDOWS\System32\win32u.dll
0x00007ffa2e920000 - 0x00007ffa2e946000 	C:\WINDOWS\System32\GDI32.dll
0x00007ffa1bb70000 - 0x00007ffa1bdf4000 	C:\WINDOWS\WinSxS\amd64_microsoft.windows.common-controls_6595b64144ccf1df_6.0.18362.900_none_e6beb9d913147d17\COMCTL32.dll
0x00007ffa2c170000 - 0x00007ffa2c305000 	C:\WINDOWS\System32\gdi32full.dll
0x00007ffa2ec60000 - 0x00007ffa2ef95000 	C:\WINDOWS\System32\combase.dll
0x00007ffa2c7a0000 - 0x00007ffa2c83e000 	C:\WINDOWS\System32\msvcp_win.dll
0x00007ffa2d010000 - 0x00007ffa2d090000 	C:\WINDOWS\System32\bcryptPrimitives.dll
0x00007ffa235f0000 - 0x00007ffa235fa000 	C:\WINDOWS\SYSTEM32\VERSION.dll
0x00007ffa2e1e0000 - 0x00007ffa2e20e000 	C:\WINDOWS\System32\IMM32.DLL
0x00007ffa20660000 - 0x00007ffa2066c000 	C:\Program Files\Java\jdk-17.0.3.1\bin\vcruntime140_1.dll
0x00007ffa10790000 - 0x00007ffa1081d000 	C:\Program Files\Java\jdk-17.0.3.1\bin\msvcp140.dll
0x00007ffa02930000 - 0x00007ffa034f0000 	C:\Program Files\Java\jdk-17.0.3.1\bin\server\jvm.dll
0x00007ffa2e1c0000 - 0x00007ffa2e1c8000 	C:\WINDOWS\System32\PSAPI.DLL
0x00007ffa25c50000 - 0x00007ffa25c59000 	C:\WINDOWS\SYSTEM32\WSOCK32.dll
0x00007ffa2e0b0000 - 0x00007ffa2e11f000 	C:\WINDOWS\System32\WS2_32.dll
0x00007ffa23600000 - 0x00007ffa23624000 	C:\WINDOWS\SYSTEM32\WINMM.dll
0x00007ffa23570000 - 0x00007ffa2359d000 	C:\WINDOWS\SYSTEM32\WINMMBASE.dll
0x00007ffa2c5c0000 - 0x00007ffa2c60a000 	C:\WINDOWS\System32\cfgmgr32.dll
0x00007ffa2bf50000 - 0x00007ffa2bf61000 	C:\WINDOWS\System32\kernel.appcore.dll
0x00007ffa1f9e0000 - 0x00007ffa1f9ea000 	C:\Program Files\Java\jdk-17.0.3.1\bin\jimage.dll
0x00007ffa2a620000 - 0x00007ffa2a814000 	C:\WINDOWS\SYSTEM32\DBGHELP.DLL
0x00007ffa26500000 - 0x00007ffa2652a000 	C:\WINDOWS\SYSTEM32\dbgcore.DLL
0x00007ffa15a60000 - 0x00007ffa15a85000 	C:\Program Files\Java\jdk-17.0.3.1\bin\java.dll
0x00007ffa0aa20000 - 0x00007ffa0aaf6000 	C:\Program Files\Java\jdk-17.0.3.1\bin\jsvml.dll
0x00007ffa2d8f0000 - 0x00007ffa2dfd6000 	C:\WINDOWS\System32\SHELL32.dll
0x00007ffa2d840000 - 0x00007ffa2d8e9000 	C:\WINDOWS\System32\shcore.dll
0x00007ffa2c890000 - 0x00007ffa2d010000 	C:\WINDOWS\System32\windows.storage.dll
0x00007ffa2bf00000 - 0x00007ffa2bf23000 	C:\WINDOWS\System32\profapi.dll
0x00007ffa2beb0000 - 0x00007ffa2befa000 	C:\WINDOWS\System32\powrprof.dll
0x00007ffa2bea0000 - 0x00007ffa2beb0000 	C:\WINDOWS\System32\UMPDC.dll
0x00007ffa2d220000 - 0x00007ffa2d272000 	C:\WINDOWS\System32\shlwapi.dll
0x00007ffa2c870000 - 0x00007ffa2c887000 	C:\WINDOWS\System32\cryptsp.dll
0x00007ffa12700000 - 0x00007ffa12719000 	C:\Program Files\Java\jdk-17.0.3.1\bin\net.dll
0x00007ffa26de0000 - 0x00007ffa26ed0000 	C:\WINDOWS\SYSTEM32\WINHTTP.dll
0x00007ffa2b710000 - 0x00007ffa2b777000 	C:\WINDOWS\system32\mswsock.dll
0x00007ffa11590000 - 0x00007ffa115a6000 	C:\Program Files\Java\jdk-17.0.3.1\bin\nio.dll
0x00007ffa10b80000 - 0x00007ffa10b98000 	C:\Program Files\Java\jdk-17.0.3.1\bin\zip.dll
0x00007ffa1c050000 - 0x00007ffa1c060000 	C:\Program Files\Java\jdk-17.0.3.1\bin\verify.dll
0x00007ffa16480000 - 0x00007ffa164a7000 	C:\Users\User\.gradle\native\e1d6ef7f7dcc3fd88c89a11ec53ec762bb8ba0a96d01ffa2cd45eb1d1d8dd5c5\windows-amd64\native-platform.dll
0x00007ffa04000000 - 0x00007ffa04144000 	C:\Users\User\.gradle\native\0d407fdbe67a94daf76414ababcb853783967236a71b16ec16e742cd7a986fd3\windows-amd64\native-platform-file-events.dll
0x00007ffa1bf80000 - 0x00007ffa1bf89000 	C:\Program Files\Java\jdk-17.0.3.1\bin\management.dll
0x00007ffa1b150000 - 0x00007ffa1b15b000 	C:\Program Files\Java\jdk-17.0.3.1\bin\management_ext.dll
0x00007ffa2b220000 - 0x00007ffa2b253000 	C:\WINDOWS\system32\rsaenh.dll
0x00007ffa2c610000 - 0x00007ffa2c636000 	C:\WINDOWS\System32\bcrypt.dll
0x00007ffa2bd90000 - 0x00007ffa2bdb5000 	C:\WINDOWS\SYSTEM32\USERENV.dll
0x00007ffa2b8e0000 - 0x00007ffa2b8ec000 	C:\WINDOWS\SYSTEM32\CRYPTBASE.dll
0x00007ffa2b3c0000 - 0x00007ffa2b3fa000 	C:\WINDOWS\SYSTEM32\IPHLPAPI.DLL
0x00007ffa2e950000 - 0x00007ffa2e958000 	C:\WINDOWS\System32\NSI.dll
0x00007ffa27620000 - 0x00007ffa27636000 	C:\WINDOWS\SYSTEM32\dhcpcsvc6.DLL
0x00007ffa27600000 - 0x00007ffa2761c000 	C:\WINDOWS\SYSTEM32\dhcpcsvc.DLL
0x00007ffa2b410000 - 0x00007ffa2b4db000 	C:\WINDOWS\SYSTEM32\DNSAPI.dll
0x00007ffa1a790000 - 0x00007ffa1a79e000 	C:\Program Files\Java\jdk-17.0.3.1\bin\sunmscapi.dll
0x00007ffa2bf70000 - 0x00007ffa2c0b9000 	C:\WINDOWS\System32\CRYPT32.dll
0x00007ffa2bf30000 - 0x00007ffa2bf42000 	C:\WINDOWS\System32\MSASN1.dll
0x00007ffa2b9e0000 - 0x00007ffa2ba06000 	C:\WINDOWS\SYSTEM32\ncrypt.dll
0x00007ffa2b9a0000 - 0x00007ffa2b9db000 	C:\WINDOWS\SYSTEM32\NTASN1.dll
0x00007ffa18650000 - 0x00007ffa18657000 	C:\WINDOWS\system32\wshunix.dll

dbghelp: loaded successfully - version: 4.0.5 - missing functions: none
symbol engine: initialized successfully - sym options: 0x614 - pdb path: .;C:\Program Files\Java\jdk-17.0.3.1\bin;C:\WINDOWS\SYSTEM32;C:\WINDOWS\WinSxS\amd64_microsoft.windows.common-controls_6595b64144ccf1df_6.0.18362.900_none_e6beb9d913147d17;C:\Program Files\Java\jdk-17.0.3.1\bin\server;C:\Users\User\.gradle\native\e1d6ef7f7dcc3fd88c89a11ec53ec762bb8ba0a96d01ffa2cd45eb1d1d8dd5c5\windows-amd64;C:\Users\User\.gradle\native\0d407fdbe67a94daf76414ababcb853783967236a71b16ec16e742cd7a986fd3\windows-amd64

VM Arguments:
jvm_args: --add-opens=java.base/java.util=ALL-UNNAMED --add-opens=java.base/java.lang=ALL-UNNAMED --add-opens=java.base/java.lang.invoke=ALL-UNNAMED --add-opens=java.base/java.util=ALL-UNNAMED --add-opens=java.prefs/java.util.prefs=ALL-UNNAMED --add-opens=java.prefs/java.util.prefs=ALL-UNNAMED --add-opens=java.base/java.nio.charset=ALL-UNNAMED --add-opens=java.base/java.net=ALL-UNNAMED --add-opens=java.base/java.util.concurrent.atomic=ALL-UNNAMED -XX:MaxMetaspaceSize=256m -XX:+HeapDumpOnOutOfMemoryError -Xms256m -Xmx512m -Dfile.encoding=windows-1250 -Duser.country=PL -Duser.language=pl -Duser.variant 
java_command: org.gradle.launcher.daemon.bootstrap.GradleDaemon 7.4.1
java_class_path (initial): C:\Users\User\.gradle\wrapper\dists\gradle-7.4.1-bin\58kw26xllvsiedyf3nujyarhn\gradle-7.4.1\lib\gradle-launcher-7.4.1.jar
Launcher Type: SUN_STANDARD

[Global flags]
     intx CICompilerCount                          = 3                                         {product} {ergonomic}
   size_t CompressedClassSpaceSize                 = 218103808                                 {product} {ergonomic}
     uint ConcGCThreads                            = 1                                         {product} {ergonomic}
     uint G1ConcRefinementThreads                  = 4                                         {product} {ergonomic}
   size_t G1HeapRegionSize                         = 1048576                                   {product} {ergonomic}
    uintx GCDrainStackTargetSize                   = 64                                        {product} {ergonomic}
     bool HeapDumpOnOutOfMemoryError               = true                                   {manageable} {command line}
   size_t InitialHeapSize                          = 268435456                                 {product} {command line}
   size_t MarkStackSize                            = 4194304                                   {product} {ergonomic}
   size_t MaxHeapSize                              = 536870912                                 {product} {command line}
   size_t MaxMetaspaceSize                         = 268435456                                 {product} {command line}
   size_t MaxNewSize                               = 321912832                                 {product} {ergonomic}
   size_t MinHeapDeltaBytes                        = 1048576                                   {product} {ergonomic}
   size_t MinHeapSize                              = 268435456                                 {product} {command line}
    uintx NonNMethodCodeHeapSize                   = 5832780                                {pd product} {ergonomic}
    uintx NonProfiledCodeHeapSize                  = 122912730                              {pd product} {ergonomic}
    uintx ProfiledCodeHeapSize                     = 122912730                              {pd product} {ergonomic}
    uintx ReservedCodeCacheSize                    = 251658240                              {pd product} {ergonomic}
     bool SegmentedCodeCache                       = true                                      {product} {ergonomic}
   size_t SoftMaxHeapSize                          = 536870912                              {manageable} {ergonomic}
     bool UseCompressedClassPointers               = true                           {product lp64_product} {ergonomic}
     bool UseCompressedOops                        = true                           {product lp64_product} {ergonomic}
     bool UseG1GC                                  = true                                      {product} {ergonomic}
     bool UseLargePagesIndividualAllocation        = false                                  {pd product} {ergonomic}

Logging:
Log output configuration:
 #0: stdout all=warning uptime,level,tags
 #1: stderr all=off uptime,level,tags

Environment Variables:
PATH=C:\Program Files\Common Files\Oracle\Java\javapath;C:\Program Files (x86)\Common Files\Oracle\Java\javapath;C:\ProgramData\Oracle\Java\javapath;C:\WINDOWS\system32;C:\WINDOWS;C:\WINDOWS\System32\Wbem;C:\WINDOWS\System32\WindowsPowerShell\v1.0\;C:\Program Files\PuTTY\;C:\WINDOWS\System32\OpenSSH\;C:\Program Files (x86)\Brackets\command;D:\Python\Scripts\;D:\Python\;C:\Users\User\AppData\Local\Microsoft\WindowsApps;;C:\Users\User\AppData\Local\Programs\Microsoft VS Code\bin
USERNAME=User
OS=Windows_NT
PROCESSOR_IDENTIFIER=AMD64 Family 16 Model 4 Stepping 3, AuthenticAMD



---------------  S Y S T E M  ---------------

OS:
 Windows 10 , 64 bit Build 18362 (10.0.18362.900)
OS uptime: 11 days 12:47 hours

CPU: total 4 (initial active 4) (4 cores per cpu, 1 threads per core) family 16 model 4 stepping 3 microcode 0x0, cx8, cmov, fxsr, mmx, 3dnowpref, sse, sse2, sse3, sse4a, popcnt, lzcnt, tsc, tscinvbit, clflush

Memory: 4k page, system-wide physical 4094M (256M free)
TotalPageFile size 11114M (AvailPageFile size 8M)
current process WorkingSet (physical memory assigned to process): 260M, peak: 261M
current process commit charge ("private bytes"): 427M, peak: 428M

vm_info: Java HotSpot(TM) 64-Bit Server VM (17.0.3.1+2-LTS-6) for windows-amd64 JRE (17.0.3.1+2-LTS-6), built on Apr 25 2022 22:04:21 by "mach5one" with MS VC++ 16.8 / 16.9 (VS2019)

END.
